CRITICAL - 2024-11-14 08:11:57 --> Error: Call to undefined method CodeIgniter\View\View::view()
[Method: GET, Route: /]
in APPPATH/Views/dashboard.php on line 23.
 1 SYSTEMPATH/View/View.php(234): include()
 2 SYSTEMPATH/View/View.php(237): CodeIgniter\View\View->CodeIgniter\View\{closure}()
 3 SYSTEMPATH/Common.php(1171): CodeIgniter\View\View->render('dashboard', [], true)
 4 APPPATH/Controllers/Dashboard.php(11): view('dashboard')
 5 SYSTEMPATH/CodeIgniter.php(933): App\Controllers\Dashboard->index()
 6 SYSTEMPATH/CodeIgniter.php(509): CodeIgniter\CodeIgniter->runController(Object(App\Controllers\Dashboard))
 7 SYSTEMPATH/CodeIgniter.php(355): CodeIgniter\CodeIgniter->handleRequest(null, Object(Config\Cache), false)
 8 SYSTEMPATH/Boot.php(325): CodeIgniter\CodeIgniter->run()
 9 SYSTEMPATH/Boot.php(67): CodeIgniter\Boot::runCodeIgniter(Object(CodeIgniter\CodeIgniter))
10 FCPATH/index.php(56): CodeIgniter\Boot::bootWeb(Object(Config\Paths))
CRITICAL - 2024-11-14 08:12:05 --> Error: Call to undefined method CodeIgniter\View\View::view()
[Method: GET, Route: /]
in APPPATH/Views/dashboard.php on line 23.
 1 SYSTEMPATH/View/View.php(234): include()
 2 SYSTEMPATH/View/View.php(237): CodeIgniter\View\View->CodeIgniter\View\{closure}()
 3 SYSTEMPATH/Common.php(1171): CodeIgniter\View\View->render('dashboard', [], true)
 4 APPPATH/Controllers/Dashboard.php(11): view('dashboard')
 5 SYSTEMPATH/CodeIgniter.php(933): App\Controllers\Dashboard->index()
 6 SYSTEMPATH/CodeIgniter.php(509): CodeIgniter\CodeIgniter->runController(Object(App\Controllers\Dashboard))
 7 SYSTEMPATH/CodeIgniter.php(355): CodeIgniter\CodeIgniter->handleRequest(null, Object(Config\Cache), false)
 8 SYSTEMPATH/Boot.php(325): CodeIgniter\CodeIgniter->run()
 9 SYSTEMPATH/Boot.php(67): CodeIgniter\Boot::runCodeIgniter(Object(CodeIgniter\CodeIgniter))
10 FCPATH/index.php(56): CodeIgniter\Boot::bootWeb(Object(Config\Paths))
CRITICAL - 2024-11-14 08:12:29 --> Error: Call to undefined method CodeIgniter\View\View::view()
[Method: GET, Route: /]
in APPPATH/Views/dashboard/layout.php on line 4.
 1 SYSTEMPATH/View/View.php(234): include()
 2 SYSTEMPATH/View/View.php(237): CodeIgniter\View\View->CodeIgniter\View\{closure}()
 3 SYSTEMPATH/Common.php(1171): CodeIgniter\View\View->render('dashboard/layout', [], true)
 4 APPPATH/Views/dashboard.php(23): view('dashboard/layout')
 5 SYSTEMPATH/View/View.php(234): include('/var/www/html/app/Views/dashboard.php')
 6 SYSTEMPATH/View/View.php(237): CodeIgniter\View\View->CodeIgniter\View\{closure}()
 7 SYSTEMPATH/Common.php(1171): CodeIgniter\View\View->render('dashboard', [], true)
 8 APPPATH/Controllers/Dashboard.php(11): view('dashboard')
 9 SYSTEMPATH/CodeIgniter.php(933): App\Controllers\Dashboard->index()
10 SYSTEMPATH/CodeIgniter.php(509): CodeIgniter\CodeIgniter->runController(Object(App\Controllers\Dashboard))
11 SYSTEMPATH/CodeIgniter.php(355): CodeIgniter\CodeIgniter->handleRequest(null, Object(Config\Cache), false)
12 SYSTEMPATH/Boot.php(325): CodeIgniter\CodeIgniter->run()
13 SYSTEMPATH/Boot.php(67): CodeIgniter\Boot::runCodeIgniter(Object(CodeIgniter\CodeIgniter))
14 FCPATH/index.php(56): CodeIgniter\Boot::bootWeb(Object(Config\Paths))
CRITICAL - 2024-11-14 09:49:38 --> ErrorException: Undefined variable $title
[Method: GET, Route: /]
in APPPATH/Views/partial/header.php on line 5.
 1 APPPATH/Views/partial/header.php(5): CodeIgniter\Debug\Exceptions->errorHandler(2, 'Undefined variable $title', '/var/www/html/app/Views/partial/header.php', 5)
 2 SYSTEMPATH/View/View.php(234): include('/var/www/html/app/Views/partial/header.php')
 3 SYSTEMPATH/View/View.php(237): CodeIgniter\View\View->CodeIgniter\View\{closure}()
 4 SYSTEMPATH/Common.php(1171): CodeIgniter\View\View->render('partial/header', [], true)
 5 APPPATH/Views/dashboard.php(4): view('partial/header')
 6 SYSTEMPATH/View/View.php(234): include('/var/www/html/app/Views/dashboard.php')
 7 SYSTEMPATH/View/View.php(237): CodeIgniter\View\View->CodeIgniter\View\{closure}()
 8 SYSTEMPATH/Common.php(1171): CodeIgniter\View\View->render('dashboard', [], true)
 9 APPPATH/Controllers/Dashboard.php(14): view('dashboard')
10 SYSTEMPATH/CodeIgniter.php(933): App\Controllers\Dashboard->index()
11 SYSTEMPATH/CodeIgniter.php(509): CodeIgniter\CodeIgniter->runController(Object(App\Controllers\Dashboard))
12 SYSTEMPATH/CodeIgniter.php(355): CodeIgniter\CodeIgniter->handleRequest(null, Object(Config\Cache), false)
13 SYSTEMPATH/Boot.php(325): CodeIgniter\CodeIgniter->run()
14 SYSTEMPATH/Boot.php(67): CodeIgniter\Boot::runCodeIgniter(Object(CodeIgniter\CodeIgniter))
15 FCPATH/index.php(56): CodeIgniter\Boot::bootWeb(Object(Config\Paths))
CRITICAL - 2024-11-14 09:49:38 --> ErrorException: Undefined variable $title
[Method: GET, Route: /]
in APPPATH/Views/partial/header.php on line 5.
 1 APPPATH/Views/partial/header.php(5): CodeIgniter\Debug\Exceptions->errorHandler(2, 'Undefined variable $title', '/var/www/html/app/Views/partial/header.php', 5)
 2 SYSTEMPATH/View/View.php(234): include('/var/www/html/app/Views/partial/header.php')
 3 SYSTEMPATH/View/View.php(237): CodeIgniter\View\View->CodeIgniter\View\{closure}()
 4 SYSTEMPATH/Common.php(1171): CodeIgniter\View\View->render('partial/header', [], true)
 5 APPPATH/Views/dashboard.php(4): view('partial/header')
 6 SYSTEMPATH/View/View.php(234): include('/var/www/html/app/Views/dashboard.php')
 7 SYSTEMPATH/View/View.php(237): CodeIgniter\View\View->CodeIgniter\View\{closure}()
 8 SYSTEMPATH/Common.php(1171): CodeIgniter\View\View->render('dashboard', [], true)
 9 APPPATH/Controllers/Dashboard.php(14): view('dashboard')
10 SYSTEMPATH/CodeIgniter.php(933): App\Controllers\Dashboard->index()
11 SYSTEMPATH/CodeIgniter.php(509): CodeIgniter\CodeIgniter->runController(Object(App\Controllers\Dashboard))
12 SYSTEMPATH/CodeIgniter.php(355): CodeIgniter\CodeIgniter->handleRequest(null, Object(Config\Cache), false)
13 SYSTEMPATH/Boot.php(325): CodeIgniter\CodeIgniter->run()
14 SYSTEMPATH/Boot.php(67): CodeIgniter\Boot::runCodeIgniter(Object(CodeIgniter\CodeIgniter))
15 FCPATH/index.php(56): CodeIgniter\Boot::bootWeb(Object(Config\Paths))
CRITICAL - 2024-11-14 09:49:44 --> ErrorException: Undefined variable $title
[Method: GET, Route: /]
in APPPATH/Views/partial/header.php on line 5.
 1 APPPATH/Views/partial/header.php(5): CodeIgniter\Debug\Exceptions->errorHandler(2, 'Undefined variable $title', '/var/www/html/app/Views/partial/header.php', 5)
 2 SYSTEMPATH/View/View.php(234): include('/var/www/html/app/Views/partial/header.php')
 3 SYSTEMPATH/View/View.php(237): CodeIgniter\View\View->CodeIgniter\View\{closure}()
 4 SYSTEMPATH/Common.php(1171): CodeIgniter\View\View->render('partial/header', [], true)
 5 APPPATH/Views/dashboard.php(4): view('partial/header')
 6 SYSTEMPATH/View/View.php(234): include('/var/www/html/app/Views/dashboard.php')
 7 SYSTEMPATH/View/View.php(237): CodeIgniter\View\View->CodeIgniter\View\{closure}()
 8 SYSTEMPATH/Common.php(1171): CodeIgniter\View\View->render('dashboard', [], true)
 9 APPPATH/Controllers/Dashboard.php(14): view('dashboard')
10 SYSTEMPATH/CodeIgniter.php(933): App\Controllers\Dashboard->index()
11 SYSTEMPATH/CodeIgniter.php(509): CodeIgniter\CodeIgniter->runController(Object(App\Controllers\Dashboard))
12 SYSTEMPATH/CodeIgniter.php(355): CodeIgniter\CodeIgniter->handleRequest(null, Object(Config\Cache), false)
13 SYSTEMPATH/Boot.php(325): CodeIgniter\CodeIgniter->run()
14 SYSTEMPATH/Boot.php(67): CodeIgniter\Boot::runCodeIgniter(Object(CodeIgniter\CodeIgniter))
15 FCPATH/index.php(56): CodeIgniter\Boot::bootWeb(Object(Config\Paths))
CRITICAL - 2024-11-14 09:57:06 --> CodeIgniter\View\Exceptions\ViewException: Invalid file: "dashboard.php"
[Method: GET, Route: /]
in SYSTEMPATH/Exceptions/FrameworkException.php on line 41.
 1 SYSTEMPATH/View/View.php(222): CodeIgniter\Exceptions\FrameworkException::forInvalidFile('dashboard.php')
 2 SYSTEMPATH/Common.php(1171): CodeIgniter\View\View->render('dashboard', [], true)
 3 APPPATH/Controllers/Dashboard.php(14): view('dashboard')
 4 SYSTEMPATH/CodeIgniter.php(933): App\Controllers\Dashboard->index()
 5 SYSTEMPATH/CodeIgniter.php(509): CodeIgniter\CodeIgniter->runController(Object(App\Controllers\Dashboard))
 6 SYSTEMPATH/CodeIgniter.php(355): CodeIgniter\CodeIgniter->handleRequest(null, Object(Config\Cache), false)
 7 SYSTEMPATH/Boot.php(325): CodeIgniter\CodeIgniter->run()
 8 SYSTEMPATH/Boot.php(67): CodeIgniter\Boot::runCodeIgniter(Object(CodeIgniter\CodeIgniter))
 9 FCPATH/index.php(56): CodeIgniter\Boot::bootWeb(Object(Config\Paths))
CRITICAL - 2024-11-14 10:01:03 --> TypeError: view(): Argument #2 ($data) must be of type array, string given, called in /var/www/html/app/Views/dashboard/dashboard.php on line 6
[Method: GET, Route: /]
in SYSTEMPATH/Common.php on line 1159.
 1 APPPATH/Views/dashboard/dashboard.php(6): view('partial/header', 'Dashboard')
 2 SYSTEMPATH/View/View.php(234): include('/var/www/html/app/Views/dashboard/dashboard.php')
 3 SYSTEMPATH/View/View.php(237): CodeIgniter\View\View->CodeIgniter\View\{closure}()
 4 SYSTEMPATH/Common.php(1171): CodeIgniter\View\View->render('dashboard/dashboard', [], true)
 5 APPPATH/Controllers/Dashboard.php(14): view('dashboard/dashboard', [...])
 6 SYSTEMPATH/CodeIgniter.php(933): App\Controllers\Dashboard->index()
 7 SYSTEMPATH/CodeIgniter.php(509): CodeIgniter\CodeIgniter->runController(Object(App\Controllers\Dashboard))
 8 SYSTEMPATH/CodeIgniter.php(355): CodeIgniter\CodeIgniter->handleRequest(null, Object(Config\Cache), false)
 9 SYSTEMPATH/Boot.php(325): CodeIgniter\CodeIgniter->run()
10 SYSTEMPATH/Boot.php(67): CodeIgniter\Boot::runCodeIgniter(Object(CodeIgniter\CodeIgniter))
11 FCPATH/index.php(56): CodeIgniter\Boot::bootWeb(Object(Config\Paths))
