CRITICAL - 2024-11-25 03:53:09 --> CodeIgniter\View\Exceptions\ViewException: Unable to locate view cell class: "\App\Libraries\formelement\select".
[Method: GET, Route: produksidetail/11-22-2024/AFD-I]
in SYSTEMPATH/View/Cell.php on line 190.
 1 SYSTEMPATH/View/Cell.php(190): CodeIgniter\View\Exceptions\ViewException::forInvalidCellClass('\\App\\Libraries\\formelement\\select')
 2 SYSTEMPATH/View/Cell.php(80): CodeIgniter\View\Cell->determineClass('\\App\\Libraries\\formelement\\select:selectAfd')
 3 SYSTEMPATH/Common.php(1187): CodeIgniter\View\Cell->render('\\App\\Libraries\\formelement\\select::selectAfd', null, 0, null)
 4 APPPATH/Views/produksidetail/produksiDetailMainBody.php(35): view_cell('\\App\\Libraries\\formelement\\select::selectAfd')
 5 SYSTEMPATH/View/View.php(234): include('/var/www/html/app/Views/produksidetail/produksiDetailMainBody.php')
 6 SYSTEMPATH/View/View.php(237): CodeIgniter\View\View->CodeIgniter\View\{closure}()
 7 SYSTEMPATH/Common.php(1171): CodeIgniter\View\View->render('produksidetail/produksiDetailMainBody.php', [], true)
 8 APPPATH/Views/produksidetail/layout.php(6): view('produksidetail/produksiDetailMainBody.php')
 9 SYSTEMPATH/View/View.php(234): include('/var/www/html/app/Views/produksidetail/layout.php')
10 SYSTEMPATH/View/View.php(237): CodeIgniter\View\View->CodeIgniter\View\{closure}()
11 SYSTEMPATH/Common.php(1171): CodeIgniter\View\View->render('produksidetail/layout', [], true)
12 APPPATH/Views/dashboard.php(47): view('produksidetail/layout')
13 SYSTEMPATH/View/View.php(234): include('/var/www/html/app/Views/dashboard.php')
14 SYSTEMPATH/View/View.php(237): CodeIgniter\View\View->CodeIgniter\View\{closure}()
15 SYSTEMPATH/Common.php(1171): CodeIgniter\View\View->render('dashboard', [], true)
16 APPPATH/Controllers/ProduksiDetail.php(18): view('dashboard', [...])
17 SYSTEMPATH/CodeIgniter.php(933): App\Controllers\ProduksiDetail->index()
18 SYSTEMPATH/CodeIgniter.php(509): CodeIgniter\CodeIgniter->runController(Object(App\Controllers\ProduksiDetail))
19 SYSTEMPATH/CodeIgniter.php(355): CodeIgniter\CodeIgniter->handleRequest(null, Object(Config\Cache), false)
20 SYSTEMPATH/Boot.php(325): CodeIgniter\CodeIgniter->run()
21 SYSTEMPATH/Boot.php(67): CodeIgniter\Boot::runCodeIgniter(Object(CodeIgniter\CodeIgniter))
22 FCPATH/index.php(56): CodeIgniter\Boot::bootWeb(Object(Config\Paths))
CRITICAL - 2024-11-25 04:30:52 --> ErrorException: unlink(/var/www/html/writable/debugbar/debugbar_1731985209.445627.json): Operation not permitted
[Method: GET, Route: /]
in SYSTEMPATH/Debug/Toolbar/Collectors/History.php on line 82.
 1 [internal function]: CodeIgniter\Debug\Exceptions->errorHandler(2, 'unlink(/var/www/html/writable/debugbar/debugbar_1731985209.445627.json): Operation not permitted', '/var/www/html/system/Debug/Toolbar/Collectors/History.php', 82)
 2 SYSTEMPATH/Debug/Toolbar/Collectors/History.php(82): unlink('/var/www/html/writable/debugbar/debugbar_1731985209.445627.json')
 3 SYSTEMPATH/Debug/Toolbar.php(518): CodeIgniter\Debug\Toolbar\Collectors\History->setFiles('1732509052.048570', 20)
 4 SYSTEMPATH/Debug/Toolbar.php(497): CodeIgniter\Debug\Toolbar->format([...], 'html')
 5 APPPATH/Config/Events.php(47): CodeIgniter\Debug\Toolbar->respond()
 6 SYSTEMPATH/Events/Events.php(155): CodeIgniter\Events\Events::Config\{closure}()
 7 SYSTEMPATH/CodeIgniter.php(340): CodeIgniter\Events\Events::trigger('pre_system')
 8 SYSTEMPATH/Boot.php(325): CodeIgniter\CodeIgniter->run()
 9 SYSTEMPATH/Boot.php(67): CodeIgniter\Boot::runCodeIgniter(Object(CodeIgniter\CodeIgniter))
10 FCPATH/index.php(56): CodeIgniter\Boot::bootWeb(Object(Config\Paths))
CRITICAL - 2024-11-25 04:30:55 --> ErrorException: unlink(/var/www/html/writable/debugbar/debugbar_1731985209.445627.json): Operation not permitted
[Method: GET, Route: /]
in SYSTEMPATH/Debug/Toolbar/Collectors/History.php on line 82.
 1 [internal function]: CodeIgniter\Debug\Exceptions->errorHandler(2, 'unlink(/var/www/html/writable/debugbar/debugbar_1731985209.445627.json): Operation not permitted', '/var/www/html/system/Debug/Toolbar/Collectors/History.php', 82)
 2 SYSTEMPATH/Debug/Toolbar/Collectors/History.php(82): unlink('/var/www/html/writable/debugbar/debugbar_1731985209.445627.json')
 3 SYSTEMPATH/Debug/Toolbar.php(518): CodeIgniter\Debug\Toolbar\Collectors\History->setFiles('1732509054.890710', 20)
 4 SYSTEMPATH/Debug/Toolbar.php(497): CodeIgniter\Debug\Toolbar->format([...], 'html')
 5 APPPATH/Config/Events.php(47): CodeIgniter\Debug\Toolbar->respond()
 6 SYSTEMPATH/Events/Events.php(155): CodeIgniter\Events\Events::Config\{closure}()
 7 SYSTEMPATH/CodeIgniter.php(340): CodeIgniter\Events\Events::trigger('pre_system')
 8 SYSTEMPATH/Boot.php(325): CodeIgniter\CodeIgniter->run()
 9 SYSTEMPATH/Boot.php(67): CodeIgniter\Boot::runCodeIgniter(Object(CodeIgniter\CodeIgniter))
10 FCPATH/index.php(56): CodeIgniter\Boot::bootWeb(Object(Config\Paths))
CRITICAL - 2024-11-25 04:30:58 --> ErrorException: Undefined variable $posts
[Method: GET, Route: produksidetail/11-24-2024/AFD-IV]
in APPPATH/Cells/select_afd.php on line 4.
 1 APPPATH/Cells/select_afd.php(4): CodeIgniter\Debug\Exceptions->errorHandler(2, 'Undefined variable $posts', '/var/www/html/app/Cells/select_afd.php', 4)
 2 SYSTEMPATH/View/Cells/Cell.php(115): include('/var/www/html/app/Cells/select_afd.php')
 3 SYSTEMPATH/View/Cells/Cell.php(118): CodeIgniter\View\Cells\Cell->CodeIgniter\View\Cells\{closure}()
 4 SYSTEMPATH/View/Cells/Cell.php(52): CodeIgniter\View\Cells\Cell->view('')
 5 SYSTEMPATH/View/Cell.php(234): CodeIgniter\View\Cells\Cell->render()
 6 SYSTEMPATH/View/Cell.php(104): CodeIgniter\View\Cell->renderCell(Object(App\Cells\SelectAfdCell), 'render', [])
 7 SYSTEMPATH/Common.php(1187): CodeIgniter\View\Cell->render('SelectAfdCell', [], 0, 'AppCellsSelectAfdCellrender40cd750bba9870f18aada2478b24840a')
 8 APPPATH/Views/produksidetail/produksiDetailMainBody.php(27): view_cell('SelectAfdCell')
 9 SYSTEMPATH/View/View.php(234): include('/var/www/html/app/Views/produksidetail/produksiDetailMainBody.php')
10 SYSTEMPATH/View/View.php(237): CodeIgniter\View\View->CodeIgniter\View\{closure}()
11 SYSTEMPATH/Common.php(1171): CodeIgniter\View\View->render('produksidetail/produksiDetailMainBody.php', [], true)
12 APPPATH/Views/produksidetail/layout.php(6): view('produksidetail/produksiDetailMainBody.php')
13 SYSTEMPATH/View/View.php(234): include('/var/www/html/app/Views/produksidetail/layout.php')
14 SYSTEMPATH/View/View.php(237): CodeIgniter\View\View->CodeIgniter\View\{closure}()
15 SYSTEMPATH/Common.php(1171): CodeIgniter\View\View->render('produksidetail/layout', [], true)
16 APPPATH/Views/dashboard.php(47): view('produksidetail/layout')
17 SYSTEMPATH/View/View.php(234): include('/var/www/html/app/Views/dashboard.php')
18 SYSTEMPATH/View/View.php(237): CodeIgniter\View\View->CodeIgniter\View\{closure}()
19 SYSTEMPATH/Common.php(1171): CodeIgniter\View\View->render('dashboard', [], true)
20 APPPATH/Controllers/ProduksiDetail.php(18): view('dashboard', [...])
21 SYSTEMPATH/CodeIgniter.php(933): App\Controllers\ProduksiDetail->index()
22 SYSTEMPATH/CodeIgniter.php(509): CodeIgniter\CodeIgniter->runController(Object(App\Controllers\ProduksiDetail))
23 SYSTEMPATH/CodeIgniter.php(355): CodeIgniter\CodeIgniter->handleRequest(null, Object(Config\Cache), false)
24 SYSTEMPATH/Boot.php(325): CodeIgniter\CodeIgniter->run()
25 SYSTEMPATH/Boot.php(67): CodeIgniter\Boot::runCodeIgniter(Object(CodeIgniter\CodeIgniter))
26 FCPATH/index.php(56): CodeIgniter\Boot::bootWeb(Object(Config\Paths))
CRITICAL - 2024-11-25 04:34:55 --> ParseError: syntax error, unexpected token "echo"
[Method: GET, Route: produksidetail/11-24-2024/AFD-IV]
in APPPATH/Cells/select_afd.php on line 5.
 1 SYSTEMPATH/View/Cells/Cell.php(118): CodeIgniter\View\Cells\Cell->CodeIgniter\View\Cells\{closure}()
 2 SYSTEMPATH/View/Cells/Cell.php(52): CodeIgniter\View\Cells\Cell->view('')
 3 SYSTEMPATH/View/Cell.php(234): CodeIgniter\View\Cells\Cell->render()
 4 SYSTEMPATH/View/Cell.php(104): CodeIgniter\View\Cell->renderCell(Object(App\Cells\SelectAfdCell), 'render', [])
 5 SYSTEMPATH/Common.php(1187): CodeIgniter\View\Cell->render('SelectAfdCell', [], 0, 'AppCellsSelectAfdCellrender40cd750bba9870f18aada2478b24840a')
 6 APPPATH/Views/produksidetail/produksiDetailMainBody.php(27): view_cell('SelectAfdCell')
 7 SYSTEMPATH/View/View.php(234): include('/var/www/html/app/Views/produksidetail/produksiDetailMainBody.php')
 8 SYSTEMPATH/View/View.php(237): CodeIgniter\View\View->CodeIgniter\View\{closure}()
 9 SYSTEMPATH/Common.php(1171): CodeIgniter\View\View->render('produksidetail/produksiDetailMainBody.php', [], true)
10 APPPATH/Views/produksidetail/layout.php(6): view('produksidetail/produksiDetailMainBody.php')
11 SYSTEMPATH/View/View.php(234): include('/var/www/html/app/Views/produksidetail/layout.php')
12 SYSTEMPATH/View/View.php(237): CodeIgniter\View\View->CodeIgniter\View\{closure}()
13 SYSTEMPATH/Common.php(1171): CodeIgniter\View\View->render('produksidetail/layout', [], true)
14 APPPATH/Views/dashboard.php(47): view('produksidetail/layout')
15 SYSTEMPATH/View/View.php(234): include('/var/www/html/app/Views/dashboard.php')
16 SYSTEMPATH/View/View.php(237): CodeIgniter\View\View->CodeIgniter\View\{closure}()
17 SYSTEMPATH/Common.php(1171): CodeIgniter\View\View->render('dashboard', [], true)
18 APPPATH/Controllers/ProduksiDetail.php(18): view('dashboard', [...])
19 SYSTEMPATH/CodeIgniter.php(933): App\Controllers\ProduksiDetail->index()
20 SYSTEMPATH/CodeIgniter.php(509): CodeIgniter\CodeIgniter->runController(Object(App\Controllers\ProduksiDetail))
21 SYSTEMPATH/CodeIgniter.php(355): CodeIgniter\CodeIgniter->handleRequest(null, Object(Config\Cache), false)
22 SYSTEMPATH/Boot.php(325): CodeIgniter\CodeIgniter->run()
23 SYSTEMPATH/Boot.php(67): CodeIgniter\Boot::runCodeIgniter(Object(CodeIgniter\CodeIgniter))
24 FCPATH/index.php(56): CodeIgniter\Boot::bootWeb(Object(Config\Paths))
CRITICAL - 2024-11-25 04:35:11 --> ErrorException: Undefined variable $afd
[Method: GET, Route: produksidetail/11-24-2024/AFD-IV]
in APPPATH/Cells/select_afd.php on line 4.
 1 APPPATH/Cells/select_afd.php(4): CodeIgniter\Debug\Exceptions->errorHandler(2, 'Undefined variable $afd', '/var/www/html/app/Cells/select_afd.php', 4)
 2 SYSTEMPATH/View/Cells/Cell.php(115): include('/var/www/html/app/Cells/select_afd.php')
 3 SYSTEMPATH/View/Cells/Cell.php(118): CodeIgniter\View\Cells\Cell->CodeIgniter\View\Cells\{closure}()
 4 SYSTEMPATH/View/Cells/Cell.php(52): CodeIgniter\View\Cells\Cell->view('')
 5 SYSTEMPATH/View/Cell.php(234): CodeIgniter\View\Cells\Cell->render()
 6 SYSTEMPATH/View/Cell.php(104): CodeIgniter\View\Cell->renderCell(Object(App\Cells\SelectAfdCell), 'render', [])
 7 SYSTEMPATH/Common.php(1187): CodeIgniter\View\Cell->render('SelectAfdCell', [], 0, 'AppCellsSelectAfdCellrender40cd750bba9870f18aada2478b24840a')
 8 APPPATH/Views/produksidetail/produksiDetailMainBody.php(27): view_cell('SelectAfdCell')
 9 SYSTEMPATH/View/View.php(234): include('/var/www/html/app/Views/produksidetail/produksiDetailMainBody.php')
10 SYSTEMPATH/View/View.php(237): CodeIgniter\View\View->CodeIgniter\View\{closure}()
11 SYSTEMPATH/Common.php(1171): CodeIgniter\View\View->render('produksidetail/produksiDetailMainBody.php', [], true)
12 APPPATH/Views/produksidetail/layout.php(6): view('produksidetail/produksiDetailMainBody.php')
13 SYSTEMPATH/View/View.php(234): include('/var/www/html/app/Views/produksidetail/layout.php')
14 SYSTEMPATH/View/View.php(237): CodeIgniter\View\View->CodeIgniter\View\{closure}()
15 SYSTEMPATH/Common.php(1171): CodeIgniter\View\View->render('produksidetail/layout', [], true)
16 APPPATH/Views/dashboard.php(47): view('produksidetail/layout')
17 SYSTEMPATH/View/View.php(234): include('/var/www/html/app/Views/dashboard.php')
18 SYSTEMPATH/View/View.php(237): CodeIgniter\View\View->CodeIgniter\View\{closure}()
19 SYSTEMPATH/Common.php(1171): CodeIgniter\View\View->render('dashboard', [], true)
20 APPPATH/Controllers/ProduksiDetail.php(18): view('dashboard', [...])
21 SYSTEMPATH/CodeIgniter.php(933): App\Controllers\ProduksiDetail->index()
22 SYSTEMPATH/CodeIgniter.php(509): CodeIgniter\CodeIgniter->runController(Object(App\Controllers\ProduksiDetail))
23 SYSTEMPATH/CodeIgniter.php(355): CodeIgniter\CodeIgniter->handleRequest(null, Object(Config\Cache), false)
24 SYSTEMPATH/Boot.php(325): CodeIgniter\CodeIgniter->run()
25 SYSTEMPATH/Boot.php(67): CodeIgniter\Boot::runCodeIgniter(Object(CodeIgniter\CodeIgniter))
26 FCPATH/index.php(56): CodeIgniter\Boot::bootWeb(Object(Config\Paths))
CRITICAL - 2024-11-25 04:36:19 --> ErrorException: Undefined variable $afd
[Method: GET, Route: produksidetail/11-24-2024/AFD-IV]
in APPPATH/Cells/select_afd.php on line 4.
 1 APPPATH/Cells/select_afd.php(4): CodeIgniter\Debug\Exceptions->errorHandler(2, 'Undefined variable $afd', '/var/www/html/app/Cells/select_afd.php', 4)
 2 SYSTEMPATH/View/Cells/Cell.php(115): include('/var/www/html/app/Cells/select_afd.php')
 3 SYSTEMPATH/View/Cells/Cell.php(118): CodeIgniter\View\Cells\Cell->CodeIgniter\View\Cells\{closure}()
 4 SYSTEMPATH/View/Cells/Cell.php(52): CodeIgniter\View\Cells\Cell->view('')
 5 SYSTEMPATH/View/Cell.php(234): CodeIgniter\View\Cells\Cell->render()
 6 SYSTEMPATH/View/Cell.php(104): CodeIgniter\View\Cell->renderCell(Object(App\Cells\SelectAfdCell), 'render', [])
 7 SYSTEMPATH/Common.php(1187): CodeIgniter\View\Cell->render('SelectAfdCell', [], 0, 'AppCellsSelectAfdCellrender40cd750bba9870f18aada2478b24840a')
 8 APPPATH/Views/produksidetail/produksiDetailMainBody.php(27): view_cell('SelectAfdCell')
 9 SYSTEMPATH/View/View.php(234): include('/var/www/html/app/Views/produksidetail/produksiDetailMainBody.php')
10 SYSTEMPATH/View/View.php(237): CodeIgniter\View\View->CodeIgniter\View\{closure}()
11 SYSTEMPATH/Common.php(1171): CodeIgniter\View\View->render('produksidetail/produksiDetailMainBody.php', [], true)
12 APPPATH/Views/produksidetail/layout.php(6): view('produksidetail/produksiDetailMainBody.php')
13 SYSTEMPATH/View/View.php(234): include('/var/www/html/app/Views/produksidetail/layout.php')
14 SYSTEMPATH/View/View.php(237): CodeIgniter\View\View->CodeIgniter\View\{closure}()
15 SYSTEMPATH/Common.php(1171): CodeIgniter\View\View->render('produksidetail/layout', [], true)
16 APPPATH/Views/dashboard.php(47): view('produksidetail/layout')
17 SYSTEMPATH/View/View.php(234): include('/var/www/html/app/Views/dashboard.php')
18 SYSTEMPATH/View/View.php(237): CodeIgniter\View\View->CodeIgniter\View\{closure}()
19 SYSTEMPATH/Common.php(1171): CodeIgniter\View\View->render('dashboard', [], true)
20 APPPATH/Controllers/ProduksiDetail.php(18): view('dashboard', [...])
21 SYSTEMPATH/CodeIgniter.php(933): App\Controllers\ProduksiDetail->index()
22 SYSTEMPATH/CodeIgniter.php(509): CodeIgniter\CodeIgniter->runController(Object(App\Controllers\ProduksiDetail))
23 SYSTEMPATH/CodeIgniter.php(355): CodeIgniter\CodeIgniter->handleRequest(null, Object(Config\Cache), false)
24 SYSTEMPATH/Boot.php(325): CodeIgniter\CodeIgniter->run()
25 SYSTEMPATH/Boot.php(67): CodeIgniter\Boot::runCodeIgniter(Object(CodeIgniter\CodeIgniter))
26 FCPATH/index.php(56): CodeIgniter\Boot::bootWeb(Object(Config\Paths))
CRITICAL - 2024-11-25 04:38:05 --> Error: Call to a member function getListAfd() on null
[Method: GET, Route: produksidetail/11-24-2024/AFD-IV]
in APPPATH/Cells/SelectAfdCell.php on line 13.
 1 APPPATH/Cells/select_afd.php(5): App\Cells\SelectAfdCell->listAfd(false, false)
 2 SYSTEMPATH/View/Cells/Cell.php(115): include('/var/www/html/app/Cells/select_afd.php')
 3 SYSTEMPATH/View/Cells/Cell.php(118): CodeIgniter\View\Cells\Cell->CodeIgniter\View\Cells\{closure}()
 4 SYSTEMPATH/View/Cells/Cell.php(52): CodeIgniter\View\Cells\Cell->view('')
 5 SYSTEMPATH/View/Cell.php(234): CodeIgniter\View\Cells\Cell->render()
 6 SYSTEMPATH/View/Cell.php(104): CodeIgniter\View\Cell->renderCell(Object(App\Cells\SelectAfdCell), 'render', [])
 7 SYSTEMPATH/Common.php(1187): CodeIgniter\View\Cell->render('SelectAfdCell', [], 0, 'AppCellsSelectAfdCellrender40cd750bba9870f18aada2478b24840a')
 8 APPPATH/Views/produksidetail/produksiDetailMainBody.php(27): view_cell('SelectAfdCell')
 9 SYSTEMPATH/View/View.php(234): include('/var/www/html/app/Views/produksidetail/produksiDetailMainBody.php')
10 SYSTEMPATH/View/View.php(237): CodeIgniter\View\View->CodeIgniter\View\{closure}()
11 SYSTEMPATH/Common.php(1171): CodeIgniter\View\View->render('produksidetail/produksiDetailMainBody.php', [], true)
12 APPPATH/Views/produksidetail/layout.php(6): view('produksidetail/produksiDetailMainBody.php')
13 SYSTEMPATH/View/View.php(234): include('/var/www/html/app/Views/produksidetail/layout.php')
14 SYSTEMPATH/View/View.php(237): CodeIgniter\View\View->CodeIgniter\View\{closure}()
15 SYSTEMPATH/Common.php(1171): CodeIgniter\View\View->render('produksidetail/layout', [], true)
16 APPPATH/Views/dashboard.php(47): view('produksidetail/layout')
17 SYSTEMPATH/View/View.php(234): include('/var/www/html/app/Views/dashboard.php')
18 SYSTEMPATH/View/View.php(237): CodeIgniter\View\View->CodeIgniter\View\{closure}()
19 SYSTEMPATH/Common.php(1171): CodeIgniter\View\View->render('dashboard', [], true)
20 APPPATH/Controllers/ProduksiDetail.php(18): view('dashboard', [...])
21 SYSTEMPATH/CodeIgniter.php(933): App\Controllers\ProduksiDetail->index()
22 SYSTEMPATH/CodeIgniter.php(509): CodeIgniter\CodeIgniter->runController(Object(App\Controllers\ProduksiDetail))
23 SYSTEMPATH/CodeIgniter.php(355): CodeIgniter\CodeIgniter->handleRequest(null, Object(Config\Cache), false)
24 SYSTEMPATH/Boot.php(325): CodeIgniter\CodeIgniter->run()
25 SYSTEMPATH/Boot.php(67): CodeIgniter\Boot::runCodeIgniter(Object(CodeIgniter\CodeIgniter))
26 FCPATH/index.php(56): CodeIgniter\Boot::bootWeb(Object(Config\Paths))
CRITICAL - 2024-11-25 04:38:41 --> Error: Call to a member function getListAfd() on null
[Method: GET, Route: produksidetail/11-24-2024/AFD-IV]
in APPPATH/Cells/SelectAfdCell.php on line 13.
 1 APPPATH/Cells/select_afd.php(5): App\Cells\SelectAfdCell->listAfd()
 2 SYSTEMPATH/View/Cells/Cell.php(115): include('/var/www/html/app/Cells/select_afd.php')
 3 SYSTEMPATH/View/Cells/Cell.php(118): CodeIgniter\View\Cells\Cell->CodeIgniter\View\Cells\{closure}()
 4 SYSTEMPATH/View/Cells/Cell.php(52): CodeIgniter\View\Cells\Cell->view('')
 5 SYSTEMPATH/View/Cell.php(234): CodeIgniter\View\Cells\Cell->render()
 6 SYSTEMPATH/View/Cell.php(104): CodeIgniter\View\Cell->renderCell(Object(App\Cells\SelectAfdCell), 'render', [])
 7 SYSTEMPATH/Common.php(1187): CodeIgniter\View\Cell->render('SelectAfdCell', [], 0, 'AppCellsSelectAfdCellrender40cd750bba9870f18aada2478b24840a')
 8 APPPATH/Views/produksidetail/produksiDetailMainBody.php(27): view_cell('SelectAfdCell')
 9 SYSTEMPATH/View/View.php(234): include('/var/www/html/app/Views/produksidetail/produksiDetailMainBody.php')
10 SYSTEMPATH/View/View.php(237): CodeIgniter\View\View->CodeIgniter\View\{closure}()
11 SYSTEMPATH/Common.php(1171): CodeIgniter\View\View->render('produksidetail/produksiDetailMainBody.php', [], true)
12 APPPATH/Views/produksidetail/layout.php(6): view('produksidetail/produksiDetailMainBody.php')
13 SYSTEMPATH/View/View.php(234): include('/var/www/html/app/Views/produksidetail/layout.php')
14 SYSTEMPATH/View/View.php(237): CodeIgniter\View\View->CodeIgniter\View\{closure}()
15 SYSTEMPATH/Common.php(1171): CodeIgniter\View\View->render('produksidetail/layout', [], true)
16 APPPATH/Views/dashboard.php(47): view('produksidetail/layout')
17 SYSTEMPATH/View/View.php(234): include('/var/www/html/app/Views/dashboard.php')
18 SYSTEMPATH/View/View.php(237): CodeIgniter\View\View->CodeIgniter\View\{closure}()
19 SYSTEMPATH/Common.php(1171): CodeIgniter\View\View->render('dashboard', [], true)
20 APPPATH/Controllers/ProduksiDetail.php(18): view('dashboard', [...])
21 SYSTEMPATH/CodeIgniter.php(933): App\Controllers\ProduksiDetail->index()
22 SYSTEMPATH/CodeIgniter.php(509): CodeIgniter\CodeIgniter->runController(Object(App\Controllers\ProduksiDetail))
23 SYSTEMPATH/CodeIgniter.php(355): CodeIgniter\CodeIgniter->handleRequest(null, Object(Config\Cache), false)
24 SYSTEMPATH/Boot.php(325): CodeIgniter\CodeIgniter->run()
25 SYSTEMPATH/Boot.php(67): CodeIgniter\Boot::runCodeIgniter(Object(CodeIgniter\CodeIgniter))
26 FCPATH/index.php(56): CodeIgniter\Boot::bootWeb(Object(Config\Paths))
CRITICAL - 2024-11-25 04:39:09 --> Error: Call to a member function getListAfd() on null
[Method: GET, Route: produksidetail/11-24-2024/AFD-IV]
in APPPATH/Cells/SelectAfdCell.php on line 13.
 1 APPPATH/Cells/select_afd.php(5): App\Cells\SelectAfdCell->listAfd()
 2 SYSTEMPATH/View/Cells/Cell.php(115): include('/var/www/html/app/Cells/select_afd.php')
 3 SYSTEMPATH/View/Cells/Cell.php(118): CodeIgniter\View\Cells\Cell->CodeIgniter\View\Cells\{closure}()
 4 SYSTEMPATH/View/Cells/Cell.php(52): CodeIgniter\View\Cells\Cell->view('')
 5 SYSTEMPATH/View/Cell.php(234): CodeIgniter\View\Cells\Cell->render()
 6 SYSTEMPATH/View/Cell.php(104): CodeIgniter\View\Cell->renderCell(Object(App\Cells\SelectAfdCell), 'render', [])
 7 SYSTEMPATH/Common.php(1187): CodeIgniter\View\Cell->render('SelectAfdCell', [], 0, 'AppCellsSelectAfdCellrender40cd750bba9870f18aada2478b24840a')
 8 APPPATH/Views/produksidetail/produksiDetailMainBody.php(27): view_cell('SelectAfdCell')
 9 SYSTEMPATH/View/View.php(234): include('/var/www/html/app/Views/produksidetail/produksiDetailMainBody.php')
10 SYSTEMPATH/View/View.php(237): CodeIgniter\View\View->CodeIgniter\View\{closure}()
11 SYSTEMPATH/Common.php(1171): CodeIgniter\View\View->render('produksidetail/produksiDetailMainBody.php', [], true)
12 APPPATH/Views/produksidetail/layout.php(6): view('produksidetail/produksiDetailMainBody.php')
13 SYSTEMPATH/View/View.php(234): include('/var/www/html/app/Views/produksidetail/layout.php')
14 SYSTEMPATH/View/View.php(237): CodeIgniter\View\View->CodeIgniter\View\{closure}()
15 SYSTEMPATH/Common.php(1171): CodeIgniter\View\View->render('produksidetail/layout', [], true)
16 APPPATH/Views/dashboard.php(47): view('produksidetail/layout')
17 SYSTEMPATH/View/View.php(234): include('/var/www/html/app/Views/dashboard.php')
18 SYSTEMPATH/View/View.php(237): CodeIgniter\View\View->CodeIgniter\View\{closure}()
19 SYSTEMPATH/Common.php(1171): CodeIgniter\View\View->render('dashboard', [], true)
20 APPPATH/Controllers/ProduksiDetail.php(18): view('dashboard', [...])
21 SYSTEMPATH/CodeIgniter.php(933): App\Controllers\ProduksiDetail->index()
22 SYSTEMPATH/CodeIgniter.php(509): CodeIgniter\CodeIgniter->runController(Object(App\Controllers\ProduksiDetail))
23 SYSTEMPATH/CodeIgniter.php(355): CodeIgniter\CodeIgniter->handleRequest(null, Object(Config\Cache), false)
24 SYSTEMPATH/Boot.php(325): CodeIgniter\CodeIgniter->run()
25 SYSTEMPATH/Boot.php(67): CodeIgniter\Boot::runCodeIgniter(Object(CodeIgniter\CodeIgniter))
26 FCPATH/index.php(56): CodeIgniter\Boot::bootWeb(Object(Config\Paths))
CRITICAL - 2024-11-25 04:39:10 --> Error: Call to a member function getListAfd() on null
[Method: GET, Route: produksidetail/11-24-2024/AFD-IV]
in APPPATH/Cells/SelectAfdCell.php on line 13.
 1 APPPATH/Cells/select_afd.php(5): App\Cells\SelectAfdCell->listAfd()
 2 SYSTEMPATH/View/Cells/Cell.php(115): include('/var/www/html/app/Cells/select_afd.php')
 3 SYSTEMPATH/View/Cells/Cell.php(118): CodeIgniter\View\Cells\Cell->CodeIgniter\View\Cells\{closure}()
 4 SYSTEMPATH/View/Cells/Cell.php(52): CodeIgniter\View\Cells\Cell->view('')
 5 SYSTEMPATH/View/Cell.php(234): CodeIgniter\View\Cells\Cell->render()
 6 SYSTEMPATH/View/Cell.php(104): CodeIgniter\View\Cell->renderCell(Object(App\Cells\SelectAfdCell), 'render', [])
 7 SYSTEMPATH/Common.php(1187): CodeIgniter\View\Cell->render('SelectAfdCell', [], 0, 'AppCellsSelectAfdCellrender40cd750bba9870f18aada2478b24840a')
 8 APPPATH/Views/produksidetail/produksiDetailMainBody.php(27): view_cell('SelectAfdCell')
 9 SYSTEMPATH/View/View.php(234): include('/var/www/html/app/Views/produksidetail/produksiDetailMainBody.php')
10 SYSTEMPATH/View/View.php(237): CodeIgniter\View\View->CodeIgniter\View\{closure}()
11 SYSTEMPATH/Common.php(1171): CodeIgniter\View\View->render('produksidetail/produksiDetailMainBody.php', [], true)
12 APPPATH/Views/produksidetail/layout.php(6): view('produksidetail/produksiDetailMainBody.php')
13 SYSTEMPATH/View/View.php(234): include('/var/www/html/app/Views/produksidetail/layout.php')
14 SYSTEMPATH/View/View.php(237): CodeIgniter\View\View->CodeIgniter\View\{closure}()
15 SYSTEMPATH/Common.php(1171): CodeIgniter\View\View->render('produksidetail/layout', [], true)
16 APPPATH/Views/dashboard.php(47): view('produksidetail/layout')
17 SYSTEMPATH/View/View.php(234): include('/var/www/html/app/Views/dashboard.php')
18 SYSTEMPATH/View/View.php(237): CodeIgniter\View\View->CodeIgniter\View\{closure}()
19 SYSTEMPATH/Common.php(1171): CodeIgniter\View\View->render('dashboard', [], true)
20 APPPATH/Controllers/ProduksiDetail.php(18): view('dashboard', [...])
21 SYSTEMPATH/CodeIgniter.php(933): App\Controllers\ProduksiDetail->index()
22 SYSTEMPATH/CodeIgniter.php(509): CodeIgniter\CodeIgniter->runController(Object(App\Controllers\ProduksiDetail))
23 SYSTEMPATH/CodeIgniter.php(355): CodeIgniter\CodeIgniter->handleRequest(null, Object(Config\Cache), false)
24 SYSTEMPATH/Boot.php(325): CodeIgniter\CodeIgniter->run()
25 SYSTEMPATH/Boot.php(67): CodeIgniter\Boot::runCodeIgniter(Object(CodeIgniter\CodeIgniter))
26 FCPATH/index.php(56): CodeIgniter\Boot::bootWeb(Object(Config\Paths))
CRITICAL - 2024-11-25 04:39:10 --> Error: Call to a member function getListAfd() on null
[Method: GET, Route: produksidetail/11-24-2024/AFD-IV]
in APPPATH/Cells/SelectAfdCell.php on line 13.
 1 APPPATH/Cells/select_afd.php(5): App\Cells\SelectAfdCell->listAfd()
 2 SYSTEMPATH/View/Cells/Cell.php(115): include('/var/www/html/app/Cells/select_afd.php')
 3 SYSTEMPATH/View/Cells/Cell.php(118): CodeIgniter\View\Cells\Cell->CodeIgniter\View\Cells\{closure}()
 4 SYSTEMPATH/View/Cells/Cell.php(52): CodeIgniter\View\Cells\Cell->view('')
 5 SYSTEMPATH/View/Cell.php(234): CodeIgniter\View\Cells\Cell->render()
 6 SYSTEMPATH/View/Cell.php(104): CodeIgniter\View\Cell->renderCell(Object(App\Cells\SelectAfdCell), 'render', [])
 7 SYSTEMPATH/Common.php(1187): CodeIgniter\View\Cell->render('SelectAfdCell', [], 0, 'AppCellsSelectAfdCellrender40cd750bba9870f18aada2478b24840a')
 8 APPPATH/Views/produksidetail/produksiDetailMainBody.php(27): view_cell('SelectAfdCell')
 9 SYSTEMPATH/View/View.php(234): include('/var/www/html/app/Views/produksidetail/produksiDetailMainBody.php')
10 SYSTEMPATH/View/View.php(237): CodeIgniter\View\View->CodeIgniter\View\{closure}()
11 SYSTEMPATH/Common.php(1171): CodeIgniter\View\View->render('produksidetail/produksiDetailMainBody.php', [], true)
12 APPPATH/Views/produksidetail/layout.php(6): view('produksidetail/produksiDetailMainBody.php')
13 SYSTEMPATH/View/View.php(234): include('/var/www/html/app/Views/produksidetail/layout.php')
14 SYSTEMPATH/View/View.php(237): CodeIgniter\View\View->CodeIgniter\View\{closure}()
15 SYSTEMPATH/Common.php(1171): CodeIgniter\View\View->render('produksidetail/layout', [], true)
16 APPPATH/Views/dashboard.php(47): view('produksidetail/layout')
17 SYSTEMPATH/View/View.php(234): include('/var/www/html/app/Views/dashboard.php')
18 SYSTEMPATH/View/View.php(237): CodeIgniter\View\View->CodeIgniter\View\{closure}()
19 SYSTEMPATH/Common.php(1171): CodeIgniter\View\View->render('dashboard', [], true)
20 APPPATH/Controllers/ProduksiDetail.php(18): view('dashboard', [...])
21 SYSTEMPATH/CodeIgniter.php(933): App\Controllers\ProduksiDetail->index()
22 SYSTEMPATH/CodeIgniter.php(509): CodeIgniter\CodeIgniter->runController(Object(App\Controllers\ProduksiDetail))
23 SYSTEMPATH/CodeIgniter.php(355): CodeIgniter\CodeIgniter->handleRequest(null, Object(Config\Cache), false)
24 SYSTEMPATH/Boot.php(325): CodeIgniter\CodeIgniter->run()
25 SYSTEMPATH/Boot.php(67): CodeIgniter\Boot::runCodeIgniter(Object(CodeIgniter\CodeIgniter))
26 FCPATH/index.php(56): CodeIgniter\Boot::bootWeb(Object(Config\Paths))
CRITICAL - 2024-11-25 04:45:20 --> Error: Class "App\Controllers\ProduksiDetailModel" not found
[Method: GET, Route: listafd]
in APPPATH/Controllers/ListAfdController.php on line 14.
 1 SYSTEMPATH/CodeIgniter.php(933): App\Controllers\ListAfdController->index()
 2 SYSTEMPATH/CodeIgniter.php(509): CodeIgniter\CodeIgniter->runController(Object(App\Controllers\ListAfdController))
 3 SYSTEMPATH/CodeIgniter.php(355): CodeIgniter\CodeIgniter->handleRequest(null, Object(Config\Cache), false)
 4 SYSTEMPATH/Boot.php(325): CodeIgniter\CodeIgniter->run()
 5 SYSTEMPATH/Boot.php(67): CodeIgniter\Boot::runCodeIgniter(Object(CodeIgniter\CodeIgniter))
 6 FCPATH/index.php(56): CodeIgniter\Boot::bootWeb(Object(Config\Paths))
ERROR - 2024-11-25 04:45:45 --> ErrorException: oci_execute(): ORA-00936: missing expression in /var/www/html/system/Database/OCI8/Connection.php:219
Stack trace:
#0 [internal function]: CodeIgniter\Debug\Exceptions->errorHandler(2, 'oci_execute(): ...', '/var/www/html/s...', 219)
#1 /var/www/html/system/Database/OCI8/Connection.php(219): oci_execute(Resource id #13, 32)
#2 /var/www/html/system/Database/BaseConnection.php(734): CodeIgniter\Database\OCI8\Connection->execute('SELECT  A.SEQ, ...')
#3 /var/www/html/system/Database/BaseConnection.php(648): CodeIgniter\Database\BaseConnection->simpleQuery('SELECT  A.SEQ, ...')
#4 /var/www/html/app/Models/ListAfdModel.php(75): CodeIgniter\Database\BaseConnection->query('SELECT  A.SEQ, ...')
#5 /var/www/html/app/Controllers/ListAfdController.php(16): App\Models\ListAfdModel->getListAfd('11/18/2024', '11/24/2024')
#6 /var/www/html/system/CodeIgniter.php(933): App\Controllers\ListAfdController->index()
#7 /var/www/html/system/CodeIgniter.php(509): CodeIgniter\CodeIgniter->runController(Object(App\Controllers\ListAfdController))
#8 /var/www/html/system/CodeIgniter.php(355): CodeIgniter\CodeIgniter->handleRequest(NULL, Object(Config\Cache), false)
#9 /var/www/html/system/Boot.php(325): CodeIgniter\CodeIgniter->run()
#10 /var/www/html/system/Boot.php(67): CodeIgniter\Boot::runCodeIgniter(Object(CodeIgniter\CodeIgniter))
#11 /var/www/html/public/index.php(56): CodeIgniter\Boot::bootWeb(Object(Config\Paths))
#12 {main}
CRITICAL - 2024-11-25 04:45:45 --> CodeIgniter\Database\Exceptions\DatabaseException: oci_execute(): ORA-00936: missing expression
[Method: GET, Route: listafd]
in SYSTEMPATH/Database/BaseConnection.php on line 688.
 1 APPPATH/Models/ListAfdModel.php(75): CodeIgniter\Database\BaseConnection->query('SELECT  A.SEQ, A.DIVISIONCODE AFD, FROM   FIELD_ALL A, FIELDCROP B, MASTERHASILEDIT C,  AVERAGEBUNCHWEIGHT D WHERE   A.DIVISIONCODE = B.DIVISIONCODE AND b.fieldcode =  c.fieldcode AND comp = \'SMG\' AND a.year = 2024 AND TO_CHAR (TO_DATE (\'11/24/2024\', \'MM/DD/YYYY\'), \'MMYYYY\') = case when d.month = 12 then  lpad(1,2,\'0\')||(d.year+1) else lpad(d.month+1,2,\'0\')||d.year end and c.fieldcode = d.fieldcode   AND TO_DATE (C.TDATE, \'ddmmyyyy\') between TO_DATE (\'11/18/2024\', \'MM/DD/YYYY\') and TO_DATE (\'11/24/2024\', \'MM/DD/YYYY\')  GROUP BY  a.estatecode, A.DIVISIONCODE, a.seq order by a.estatecode,a.seq ')
 2 APPPATH/Controllers/ListAfdController.php(16): App\Models\ListAfdModel->getListAfd('11/18/2024', '11/24/2024')
 3 SYSTEMPATH/CodeIgniter.php(933): App\Controllers\ListAfdController->index()
 4 SYSTEMPATH/CodeIgniter.php(509): CodeIgniter\CodeIgniter->runController(Object(App\Controllers\ListAfdController))
 5 SYSTEMPATH/CodeIgniter.php(355): CodeIgniter\CodeIgniter->handleRequest(null, Object(Config\Cache), false)
 6 SYSTEMPATH/Boot.php(325): CodeIgniter\CodeIgniter->run()
 7 SYSTEMPATH/Boot.php(67): CodeIgniter\Boot::runCodeIgniter(Object(CodeIgniter\CodeIgniter))
 8 FCPATH/index.php(56): CodeIgniter\Boot::bootWeb(Object(Config\Paths))
CRITICAL - 2024-11-25 04:45:45 --> [Caused by] CodeIgniter\Database\Exceptions\DatabaseException: oci_execute(): ORA-00936: missing expression
in SYSTEMPATH/Database/OCI8/Connection.php on line 231.
 1 SYSTEMPATH/Database/BaseConnection.php(734): CodeIgniter\Database\OCI8\Connection->execute('SELECT  A.SEQ, A.DIVISIONCODE AFD, FROM   FIELD_ALL A, FIELDCROP B, MASTERHASILEDIT C,  AVERAGEBUNCHWEIGHT D WHERE   A.DIVISIONCODE = B.DIVISIONCODE AND b.fieldcode =  c.fieldcode AND comp = \'SMG\' AND a.year = 2024 AND TO_CHAR (TO_DATE (\'11/24/2024\', \'MM/DD/YYYY\'), \'MMYYYY\') = case when d.month = 12 then  lpad(1,2,\'0\')||(d.year+1) else lpad(d.month+1,2,\'0\')||d.year end and c.fieldcode = d.fieldcode   AND TO_DATE (C.TDATE, \'ddmmyyyy\') between TO_DATE (\'11/18/2024\', \'MM/DD/YYYY\') and TO_DATE (\'11/24/2024\', \'MM/DD/YYYY\')  GROUP BY  a.estatecode, A.DIVISIONCODE, a.seq order by a.estatecode,a.seq ')
 2 SYSTEMPATH/Database/BaseConnection.php(648): CodeIgniter\Database\BaseConnection->simpleQuery('SELECT  A.SEQ, A.DIVISIONCODE AFD, FROM   FIELD_ALL A, FIELDCROP B, MASTERHASILEDIT C,  AVERAGEBUNCHWEIGHT D WHERE   A.DIVISIONCODE = B.DIVISIONCODE AND b.fieldcode =  c.fieldcode AND comp = \'SMG\' AND a.year = 2024 AND TO_CHAR (TO_DATE (\'11/24/2024\', \'MM/DD/YYYY\'), \'MMYYYY\') = case when d.month = 12 then  lpad(1,2,\'0\')||(d.year+1) else lpad(d.month+1,2,\'0\')||d.year end and c.fieldcode = d.fieldcode   AND TO_DATE (C.TDATE, \'ddmmyyyy\') between TO_DATE (\'11/18/2024\', \'MM/DD/YYYY\') and TO_DATE (\'11/24/2024\', \'MM/DD/YYYY\')  GROUP BY  a.estatecode, A.DIVISIONCODE, a.seq order by a.estatecode,a.seq ')
 3 APPPATH/Models/ListAfdModel.php(75): CodeIgniter\Database\BaseConnection->query('SELECT  A.SEQ, A.DIVISIONCODE AFD, FROM   FIELD_ALL A, FIELDCROP B, MASTERHASILEDIT C,  AVERAGEBUNCHWEIGHT D WHERE   A.DIVISIONCODE = B.DIVISIONCODE AND b.fieldcode =  c.fieldcode AND comp = \'SMG\' AND a.year = 2024 AND TO_CHAR (TO_DATE (\'11/24/2024\', \'MM/DD/YYYY\'), \'MMYYYY\') = case when d.month = 12 then  lpad(1,2,\'0\')||(d.year+1) else lpad(d.month+1,2,\'0\')||d.year end and c.fieldcode = d.fieldcode   AND TO_DATE (C.TDATE, \'ddmmyyyy\') between TO_DATE (\'11/18/2024\', \'MM/DD/YYYY\') and TO_DATE (\'11/24/2024\', \'MM/DD/YYYY\')  GROUP BY  a.estatecode, A.DIVISIONCODE, a.seq order by a.estatecode,a.seq ')
 4 APPPATH/Controllers/ListAfdController.php(16): App\Models\ListAfdModel->getListAfd('11/18/2024', '11/24/2024')
 5 SYSTEMPATH/CodeIgniter.php(933): App\Controllers\ListAfdController->index()
 6 SYSTEMPATH/CodeIgniter.php(509): CodeIgniter\CodeIgniter->runController(Object(App\Controllers\ListAfdController))
 7 SYSTEMPATH/CodeIgniter.php(355): CodeIgniter\CodeIgniter->handleRequest(null, Object(Config\Cache), false)
 8 SYSTEMPATH/Boot.php(325): CodeIgniter\CodeIgniter->run()
 9 SYSTEMPATH/Boot.php(67): CodeIgniter\Boot::runCodeIgniter(Object(CodeIgniter\CodeIgniter))
10 FCPATH/index.php(56): CodeIgniter\Boot::bootWeb(Object(Config\Paths))
CRITICAL - 2024-11-25 04:45:45 --> [Caused by] ErrorException: oci_execute(): ORA-00936: missing expression
in SYSTEMPATH/Database/OCI8/Connection.php on line 219.
 1 [internal function]: CodeIgniter\Debug\Exceptions->errorHandler(2, 'oci_execute(): ORA-00936: missing expression', '/var/www/html/system/Database/OCI8/Connection.php', 219)
 2 SYSTEMPATH/Database/OCI8/Connection.php(219): oci_execute(resource (oci8 statement), 32)
 3 SYSTEMPATH/Database/BaseConnection.php(734): CodeIgniter\Database\OCI8\Connection->execute('SELECT  A.SEQ, A.DIVISIONCODE AFD, FROM   FIELD_ALL A, FIELDCROP B, MASTERHASILEDIT C,  AVERAGEBUNCHWEIGHT D WHERE   A.DIVISIONCODE = B.DIVISIONCODE AND b.fieldcode =  c.fieldcode AND comp = \'SMG\' AND a.year = 2024 AND TO_CHAR (TO_DATE (\'11/24/2024\', \'MM/DD/YYYY\'), \'MMYYYY\') = case when d.month = 12 then  lpad(1,2,\'0\')||(d.year+1) else lpad(d.month+1,2,\'0\')||d.year end and c.fieldcode = d.fieldcode   AND TO_DATE (C.TDATE, \'ddmmyyyy\') between TO_DATE (\'11/18/2024\', \'MM/DD/YYYY\') and TO_DATE (\'11/24/2024\', \'MM/DD/YYYY\')  GROUP BY  a.estatecode, A.DIVISIONCODE, a.seq order by a.estatecode,a.seq ')
 4 SYSTEMPATH/Database/BaseConnection.php(648): CodeIgniter\Database\BaseConnection->simpleQuery('SELECT  A.SEQ, A.DIVISIONCODE AFD, FROM   FIELD_ALL A, FIELDCROP B, MASTERHASILEDIT C,  AVERAGEBUNCHWEIGHT D WHERE   A.DIVISIONCODE = B.DIVISIONCODE AND b.fieldcode =  c.fieldcode AND comp = \'SMG\' AND a.year = 2024 AND TO_CHAR (TO_DATE (\'11/24/2024\', \'MM/DD/YYYY\'), \'MMYYYY\') = case when d.month = 12 then  lpad(1,2,\'0\')||(d.year+1) else lpad(d.month+1,2,\'0\')||d.year end and c.fieldcode = d.fieldcode   AND TO_DATE (C.TDATE, \'ddmmyyyy\') between TO_DATE (\'11/18/2024\', \'MM/DD/YYYY\') and TO_DATE (\'11/24/2024\', \'MM/DD/YYYY\')  GROUP BY  a.estatecode, A.DIVISIONCODE, a.seq order by a.estatecode,a.seq ')
 5 APPPATH/Models/ListAfdModel.php(75): CodeIgniter\Database\BaseConnection->query('SELECT  A.SEQ, A.DIVISIONCODE AFD, FROM   FIELD_ALL A, FIELDCROP B, MASTERHASILEDIT C,  AVERAGEBUNCHWEIGHT D WHERE   A.DIVISIONCODE = B.DIVISIONCODE AND b.fieldcode =  c.fieldcode AND comp = \'SMG\' AND a.year = 2024 AND TO_CHAR (TO_DATE (\'11/24/2024\', \'MM/DD/YYYY\'), \'MMYYYY\') = case when d.month = 12 then  lpad(1,2,\'0\')||(d.year+1) else lpad(d.month+1,2,\'0\')||d.year end and c.fieldcode = d.fieldcode   AND TO_DATE (C.TDATE, \'ddmmyyyy\') between TO_DATE (\'11/18/2024\', \'MM/DD/YYYY\') and TO_DATE (\'11/24/2024\', \'MM/DD/YYYY\')  GROUP BY  a.estatecode, A.DIVISIONCODE, a.seq order by a.estatecode,a.seq ')
 6 APPPATH/Controllers/ListAfdController.php(16): App\Models\ListAfdModel->getListAfd('11/18/2024', '11/24/2024')
 7 SYSTEMPATH/CodeIgniter.php(933): App\Controllers\ListAfdController->index()
 8 SYSTEMPATH/CodeIgniter.php(509): CodeIgniter\CodeIgniter->runController(Object(App\Controllers\ListAfdController))
 9 SYSTEMPATH/CodeIgniter.php(355): CodeIgniter\CodeIgniter->handleRequest(null, Object(Config\Cache), false)
10 SYSTEMPATH/Boot.php(325): CodeIgniter\CodeIgniter->run()
11 SYSTEMPATH/Boot.php(67): CodeIgniter\Boot::runCodeIgniter(Object(CodeIgniter\CodeIgniter))
12 FCPATH/index.php(56): CodeIgniter\Boot::bootWeb(Object(Config\Paths))
CRITICAL - 2024-11-25 04:47:23 --> Error: Call to a member function setJSON() on null
[Method: GET, Route: listafd]
in APPPATH/Models/ListAfdModel.php on line 89.
 1 APPPATH/Controllers/ListAfdController.php(16): App\Models\ListAfdModel->getListAfd('11-18-2024', '11-24-2024')
 2 SYSTEMPATH/CodeIgniter.php(933): App\Controllers\ListAfdController->index()
 3 SYSTEMPATH/CodeIgniter.php(509): CodeIgniter\CodeIgniter->runController(Object(App\Controllers\ListAfdController))
 4 SYSTEMPATH/CodeIgniter.php(355): CodeIgniter\CodeIgniter->handleRequest(null, Object(Config\Cache), false)
 5 SYSTEMPATH/Boot.php(325): CodeIgniter\CodeIgniter->run()
 6 SYSTEMPATH/Boot.php(67): CodeIgniter\Boot::runCodeIgniter(Object(CodeIgniter\CodeIgniter))
 7 FCPATH/index.php(56): CodeIgniter\Boot::bootWeb(Object(Config\Paths))
CRITICAL - 2024-11-25 06:44:27 --> ErrorException: unlink(/var/www/html/writable/debugbar/debugbar_1731985209.445627.json): Operation not permitted
[Method: GET, Route: /]
in SYSTEMPATH/Debug/Toolbar/Collectors/History.php on line 82.
 1 [internal function]: CodeIgniter\Debug\Exceptions->errorHandler(2, 'unlink(/var/www/html/writable/debugbar/debugbar_1731985209.445627.json): Operation not permitted', '/var/www/html/system/Debug/Toolbar/Collectors/History.php', 82)
 2 SYSTEMPATH/Debug/Toolbar/Collectors/History.php(82): unlink('/var/www/html/writable/debugbar/debugbar_1731985209.445627.json')
 3 SYSTEMPATH/Debug/Toolbar.php(518): CodeIgniter\Debug\Toolbar\Collectors\History->setFiles('1732517067.190007', 20)
 4 SYSTEMPATH/Debug/Toolbar.php(497): CodeIgniter\Debug\Toolbar->format([...], 'html')
 5 APPPATH/Config/Events.php(47): CodeIgniter\Debug\Toolbar->respond()
 6 SYSTEMPATH/Events/Events.php(155): CodeIgniter\Events\Events::Config\{closure}()
 7 SYSTEMPATH/CodeIgniter.php(340): CodeIgniter\Events\Events::trigger('pre_system')
 8 SYSTEMPATH/Boot.php(325): CodeIgniter\CodeIgniter->run()
 9 SYSTEMPATH/Boot.php(67): CodeIgniter\Boot::runCodeIgniter(Object(CodeIgniter\CodeIgniter))
10 FCPATH/index.php(56): CodeIgniter\Boot::bootWeb(Object(Config\Paths))
CRITICAL - 2024-11-25 06:44:29 --> ErrorException: unlink(/var/www/html/writable/debugbar/debugbar_1731985209.445627.json): Operation not permitted
[Method: GET, Route: /]
in SYSTEMPATH/Debug/Toolbar/Collectors/History.php on line 82.
 1 [internal function]: CodeIgniter\Debug\Exceptions->errorHandler(2, 'unlink(/var/www/html/writable/debugbar/debugbar_1731985209.445627.json): Operation not permitted', '/var/www/html/system/Debug/Toolbar/Collectors/History.php', 82)
 2 SYSTEMPATH/Debug/Toolbar/Collectors/History.php(82): unlink('/var/www/html/writable/debugbar/debugbar_1731985209.445627.json')
 3 SYSTEMPATH/Debug/Toolbar.php(518): CodeIgniter\Debug\Toolbar\Collectors\History->setFiles('1732517069.804273', 20)
 4 SYSTEMPATH/Debug/Toolbar.php(497): CodeIgniter\Debug\Toolbar->format([...], 'html')
 5 APPPATH/Config/Events.php(47): CodeIgniter\Debug\Toolbar->respond()
 6 SYSTEMPATH/Events/Events.php(155): CodeIgniter\Events\Events::Config\{closure}()
 7 SYSTEMPATH/CodeIgniter.php(340): CodeIgniter\Events\Events::trigger('pre_system')
 8 SYSTEMPATH/Boot.php(325): CodeIgniter\CodeIgniter->run()
 9 SYSTEMPATH/Boot.php(67): CodeIgniter\Boot::runCodeIgniter(Object(CodeIgniter\CodeIgniter))
10 FCPATH/index.php(56): CodeIgniter\Boot::bootWeb(Object(Config\Paths))
CRITICAL - 2024-11-25 06:44:32 --> Error: Call to a member function getListAfd() on null
[Method: GET, Route: produksidetail/11-24-2024/AFD-I]
in APPPATH/Cells/SelectAfdCell.php on line 13.
 1 APPPATH/Cells/select_afd.php(5): App\Cells\SelectAfdCell->listAfd()
 2 SYSTEMPATH/View/Cells/Cell.php(115): include('/var/www/html/app/Cells/select_afd.php')
 3 SYSTEMPATH/View/Cells/Cell.php(118): CodeIgniter\View\Cells\Cell->CodeIgniter\View\Cells\{closure}()
 4 SYSTEMPATH/View/Cells/Cell.php(52): CodeIgniter\View\Cells\Cell->view('')
 5 SYSTEMPATH/View/Cell.php(234): CodeIgniter\View\Cells\Cell->render()
 6 SYSTEMPATH/View/Cell.php(104): CodeIgniter\View\Cell->renderCell(Object(App\Cells\SelectAfdCell), 'render', [])
 7 SYSTEMPATH/Common.php(1187): CodeIgniter\View\Cell->render('SelectAfdCell', [], 0, 'AppCellsSelectAfdCellrender40cd750bba9870f18aada2478b24840a')
 8 APPPATH/Views/produksidetail/produksiDetailMainBody.php(27): view_cell('SelectAfdCell')
 9 SYSTEMPATH/View/View.php(234): include('/var/www/html/app/Views/produksidetail/produksiDetailMainBody.php')
10 SYSTEMPATH/View/View.php(237): CodeIgniter\View\View->CodeIgniter\View\{closure}()
11 SYSTEMPATH/Common.php(1171): CodeIgniter\View\View->render('produksidetail/produksiDetailMainBody.php', [], true)
12 APPPATH/Views/produksidetail/layout.php(6): view('produksidetail/produksiDetailMainBody.php')
13 SYSTEMPATH/View/View.php(234): include('/var/www/html/app/Views/produksidetail/layout.php')
14 SYSTEMPATH/View/View.php(237): CodeIgniter\View\View->CodeIgniter\View\{closure}()
15 SYSTEMPATH/Common.php(1171): CodeIgniter\View\View->render('produksidetail/layout', [], true)
16 APPPATH/Views/dashboard.php(47): view('produksidetail/layout')
17 SYSTEMPATH/View/View.php(234): include('/var/www/html/app/Views/dashboard.php')
18 SYSTEMPATH/View/View.php(237): CodeIgniter\View\View->CodeIgniter\View\{closure}()
19 SYSTEMPATH/Common.php(1171): CodeIgniter\View\View->render('dashboard', [], true)
20 APPPATH/Controllers/ProduksiDetail.php(18): view('dashboard', [...])
21 SYSTEMPATH/CodeIgniter.php(933): App\Controllers\ProduksiDetail->index()
22 SYSTEMPATH/CodeIgniter.php(509): CodeIgniter\CodeIgniter->runController(Object(App\Controllers\ProduksiDetail))
23 SYSTEMPATH/CodeIgniter.php(355): CodeIgniter\CodeIgniter->handleRequest(null, Object(Config\Cache), false)
24 SYSTEMPATH/Boot.php(325): CodeIgniter\CodeIgniter->run()
25 SYSTEMPATH/Boot.php(67): CodeIgniter\Boot::runCodeIgniter(Object(CodeIgniter\CodeIgniter))
26 FCPATH/index.php(56): CodeIgniter\Boot::bootWeb(Object(Config\Paths))
CRITICAL - 2024-11-25 06:44:52 --> ErrorException: unlink(/var/www/html/writable/debugbar/debugbar_1731985209.445627.json): Operation not permitted
[Method: GET, Route: /]
in SYSTEMPATH/Debug/Toolbar/Collectors/History.php on line 82.
 1 [internal function]: CodeIgniter\Debug\Exceptions->errorHandler(2, 'unlink(/var/www/html/writable/debugbar/debugbar_1731985209.445627.json): Operation not permitted', '/var/www/html/system/Debug/Toolbar/Collectors/History.php', 82)
 2 SYSTEMPATH/Debug/Toolbar/Collectors/History.php(82): unlink('/var/www/html/writable/debugbar/debugbar_1731985209.445627.json')
 3 SYSTEMPATH/Debug/Toolbar.php(518): CodeIgniter\Debug\Toolbar\Collectors\History->setFiles('1732517092.680520', 20)
 4 SYSTEMPATH/Debug/Toolbar.php(497): CodeIgniter\Debug\Toolbar->format([...], 'html')
 5 APPPATH/Config/Events.php(47): CodeIgniter\Debug\Toolbar->respond()
 6 SYSTEMPATH/Events/Events.php(155): CodeIgniter\Events\Events::Config\{closure}()
 7 SYSTEMPATH/CodeIgniter.php(340): CodeIgniter\Events\Events::trigger('pre_system')
 8 SYSTEMPATH/Boot.php(325): CodeIgniter\CodeIgniter->run()
 9 SYSTEMPATH/Boot.php(67): CodeIgniter\Boot::runCodeIgniter(Object(CodeIgniter\CodeIgniter))
10 FCPATH/index.php(56): CodeIgniter\Boot::bootWeb(Object(Config\Paths))
CRITICAL - 2024-11-25 06:45:33 --> ErrorException: unlink(/var/www/html/writable/debugbar/debugbar_1731985209.445627.json): Operation not permitted
[Method: GET, Route: /]
in SYSTEMPATH/Debug/Toolbar/Collectors/History.php on line 82.
 1 [internal function]: CodeIgniter\Debug\Exceptions->errorHandler(2, 'unlink(/var/www/html/writable/debugbar/debugbar_1731985209.445627.json): Operation not permitted', '/var/www/html/system/Debug/Toolbar/Collectors/History.php', 82)
 2 SYSTEMPATH/Debug/Toolbar/Collectors/History.php(82): unlink('/var/www/html/writable/debugbar/debugbar_1731985209.445627.json')
 3 SYSTEMPATH/Debug/Toolbar.php(518): CodeIgniter\Debug\Toolbar\Collectors\History->setFiles('1732517132.943040', 20)
 4 SYSTEMPATH/Debug/Toolbar.php(497): CodeIgniter\Debug\Toolbar->format([...], 'html')
 5 APPPATH/Config/Events.php(47): CodeIgniter\Debug\Toolbar->respond()
 6 SYSTEMPATH/Events/Events.php(155): CodeIgniter\Events\Events::Config\{closure}()
 7 SYSTEMPATH/CodeIgniter.php(340): CodeIgniter\Events\Events::trigger('pre_system')
 8 SYSTEMPATH/Boot.php(325): CodeIgniter\CodeIgniter->run()
 9 SYSTEMPATH/Boot.php(67): CodeIgniter\Boot::runCodeIgniter(Object(CodeIgniter\CodeIgniter))
10 FCPATH/index.php(56): CodeIgniter\Boot::bootWeb(Object(Config\Paths))
CRITICAL - 2024-11-25 06:45:35 --> ErrorException: unlink(/var/www/html/writable/debugbar/debugbar_1731985209.445627.json): Operation not permitted
[Method: GET, Route: /]
in SYSTEMPATH/Debug/Toolbar/Collectors/History.php on line 82.
 1 [internal function]: CodeIgniter\Debug\Exceptions->errorHandler(2, 'unlink(/var/www/html/writable/debugbar/debugbar_1731985209.445627.json): Operation not permitted', '/var/www/html/system/Debug/Toolbar/Collectors/History.php', 82)
 2 SYSTEMPATH/Debug/Toolbar/Collectors/History.php(82): unlink('/var/www/html/writable/debugbar/debugbar_1731985209.445627.json')
 3 SYSTEMPATH/Debug/Toolbar.php(518): CodeIgniter\Debug\Toolbar\Collectors\History->setFiles('1732517134.882125', 20)
 4 SYSTEMPATH/Debug/Toolbar.php(497): CodeIgniter\Debug\Toolbar->format([...], 'html')
 5 APPPATH/Config/Events.php(47): CodeIgniter\Debug\Toolbar->respond()
 6 SYSTEMPATH/Events/Events.php(155): CodeIgniter\Events\Events::Config\{closure}()
 7 SYSTEMPATH/CodeIgniter.php(340): CodeIgniter\Events\Events::trigger('pre_system')
 8 SYSTEMPATH/Boot.php(325): CodeIgniter\CodeIgniter->run()
 9 SYSTEMPATH/Boot.php(67): CodeIgniter\Boot::runCodeIgniter(Object(CodeIgniter\CodeIgniter))
10 FCPATH/index.php(56): CodeIgniter\Boot::bootWeb(Object(Config\Paths))
CRITICAL - 2024-11-25 06:46:15 --> ErrorException: unlink(/var/www/html/writable/debugbar/debugbar_1731985209.445627.json): Operation not permitted
[Method: GET, Route: /]
in SYSTEMPATH/Debug/Toolbar/Collectors/History.php on line 82.
 1 [internal function]: CodeIgniter\Debug\Exceptions->errorHandler(2, 'unlink(/var/www/html/writable/debugbar/debugbar_1731985209.445627.json): Operation not permitted', '/var/www/html/system/Debug/Toolbar/Collectors/History.php', 82)
 2 SYSTEMPATH/Debug/Toolbar/Collectors/History.php(82): unlink('/var/www/html/writable/debugbar/debugbar_1731985209.445627.json')
 3 SYSTEMPATH/Debug/Toolbar.php(518): CodeIgniter\Debug\Toolbar\Collectors\History->setFiles('1732517175.031267', 20)
 4 SYSTEMPATH/Debug/Toolbar.php(497): CodeIgniter\Debug\Toolbar->format([...], 'html')
 5 APPPATH/Config/Events.php(47): CodeIgniter\Debug\Toolbar->respond()
 6 SYSTEMPATH/Events/Events.php(155): CodeIgniter\Events\Events::Config\{closure}()
 7 SYSTEMPATH/CodeIgniter.php(340): CodeIgniter\Events\Events::trigger('pre_system')
 8 SYSTEMPATH/Boot.php(325): CodeIgniter\CodeIgniter->run()
 9 SYSTEMPATH/Boot.php(67): CodeIgniter\Boot::runCodeIgniter(Object(CodeIgniter\CodeIgniter))
10 FCPATH/index.php(56): CodeIgniter\Boot::bootWeb(Object(Config\Paths))
CRITICAL - 2024-11-25 06:47:28 --> ErrorException: unlink(/var/www/html/writable/debugbar/debugbar_1731985209.445627.json): Operation not permitted
[Method: GET, Route: /]
in SYSTEMPATH/Debug/Toolbar/Collectors/History.php on line 82.
 1 [internal function]: CodeIgniter\Debug\Exceptions->errorHandler(2, 'unlink(/var/www/html/writable/debugbar/debugbar_1731985209.445627.json): Operation not permitted', '/var/www/html/system/Debug/Toolbar/Collectors/History.php', 82)
 2 SYSTEMPATH/Debug/Toolbar/Collectors/History.php(82): unlink('/var/www/html/writable/debugbar/debugbar_1731985209.445627.json')
 3 SYSTEMPATH/Debug/Toolbar.php(518): CodeIgniter\Debug\Toolbar\Collectors\History->setFiles('1732517247.984703', 20)
 4 SYSTEMPATH/Debug/Toolbar.php(497): CodeIgniter\Debug\Toolbar->format([...], 'html')
 5 APPPATH/Config/Events.php(47): CodeIgniter\Debug\Toolbar->respond()
 6 SYSTEMPATH/Events/Events.php(155): CodeIgniter\Events\Events::Config\{closure}()
 7 SYSTEMPATH/CodeIgniter.php(340): CodeIgniter\Events\Events::trigger('pre_system')
 8 SYSTEMPATH/Boot.php(325): CodeIgniter\CodeIgniter->run()
 9 SYSTEMPATH/Boot.php(67): CodeIgniter\Boot::runCodeIgniter(Object(CodeIgniter\CodeIgniter))
10 FCPATH/index.php(56): CodeIgniter\Boot::bootWeb(Object(Config\Paths))
CRITICAL - 2024-11-25 06:48:14 --> ErrorException: unlink(/var/www/html/writable/debugbar/debugbar_1731985209.445627.json): Operation not permitted
[Method: GET, Route: /]
in SYSTEMPATH/Debug/Toolbar/Collectors/History.php on line 82.
 1 [internal function]: CodeIgniter\Debug\Exceptions->errorHandler(2, 'unlink(/var/www/html/writable/debugbar/debugbar_1731985209.445627.json): Operation not permitted', '/var/www/html/system/Debug/Toolbar/Collectors/History.php', 82)
 2 SYSTEMPATH/Debug/Toolbar/Collectors/History.php(82): unlink('/var/www/html/writable/debugbar/debugbar_1731985209.445627.json')
 3 SYSTEMPATH/Debug/Toolbar.php(518): CodeIgniter\Debug\Toolbar\Collectors\History->setFiles('1732517294.323865', 20)
 4 SYSTEMPATH/Debug/Toolbar.php(497): CodeIgniter\Debug\Toolbar->format([...], 'html')
 5 APPPATH/Config/Events.php(47): CodeIgniter\Debug\Toolbar->respond()
 6 SYSTEMPATH/Events/Events.php(155): CodeIgniter\Events\Events::Config\{closure}()
 7 SYSTEMPATH/CodeIgniter.php(340): CodeIgniter\Events\Events::trigger('pre_system')
 8 SYSTEMPATH/Boot.php(325): CodeIgniter\CodeIgniter->run()
 9 SYSTEMPATH/Boot.php(67): CodeIgniter\Boot::runCodeIgniter(Object(CodeIgniter\CodeIgniter))
10 FCPATH/index.php(56): CodeIgniter\Boot::bootWeb(Object(Config\Paths))
CRITICAL - 2024-11-25 06:48:15 --> ErrorException: unlink(/var/www/html/writable/debugbar/debugbar_1731985209.445627.json): Operation not permitted
[Method: GET, Route: /]
in SYSTEMPATH/Debug/Toolbar/Collectors/History.php on line 82.
 1 [internal function]: CodeIgniter\Debug\Exceptions->errorHandler(2, 'unlink(/var/www/html/writable/debugbar/debugbar_1731985209.445627.json): Operation not permitted', '/var/www/html/system/Debug/Toolbar/Collectors/History.php', 82)
 2 SYSTEMPATH/Debug/Toolbar/Collectors/History.php(82): unlink('/var/www/html/writable/debugbar/debugbar_1731985209.445627.json')
 3 SYSTEMPATH/Debug/Toolbar.php(518): CodeIgniter\Debug\Toolbar\Collectors\History->setFiles('1732517295.327499', 20)
 4 SYSTEMPATH/Debug/Toolbar.php(497): CodeIgniter\Debug\Toolbar->format([...], 'html')
 5 APPPATH/Config/Events.php(47): CodeIgniter\Debug\Toolbar->respond()
 6 SYSTEMPATH/Events/Events.php(155): CodeIgniter\Events\Events::Config\{closure}()
 7 SYSTEMPATH/CodeIgniter.php(340): CodeIgniter\Events\Events::trigger('pre_system')
 8 SYSTEMPATH/Boot.php(325): CodeIgniter\CodeIgniter->run()
 9 SYSTEMPATH/Boot.php(67): CodeIgniter\Boot::runCodeIgniter(Object(CodeIgniter\CodeIgniter))
10 FCPATH/index.php(56): CodeIgniter\Boot::bootWeb(Object(Config\Paths))
CRITICAL - 2024-11-25 06:48:17 --> ErrorException: unlink(/var/www/html/writable/debugbar/debugbar_1731985209.445627.json): Operation not permitted
[Method: GET, Route: /]
in SYSTEMPATH/Debug/Toolbar/Collectors/History.php on line 82.
 1 [internal function]: CodeIgniter\Debug\Exceptions->errorHandler(2, 'unlink(/var/www/html/writable/debugbar/debugbar_1731985209.445627.json): Operation not permitted', '/var/www/html/system/Debug/Toolbar/Collectors/History.php', 82)
 2 SYSTEMPATH/Debug/Toolbar/Collectors/History.php(82): unlink('/var/www/html/writable/debugbar/debugbar_1731985209.445627.json')
 3 SYSTEMPATH/Debug/Toolbar.php(518): CodeIgniter\Debug\Toolbar\Collectors\History->setFiles('1732517297.697958', 20)
 4 SYSTEMPATH/Debug/Toolbar.php(497): CodeIgniter\Debug\Toolbar->format([...], 'html')
 5 APPPATH/Config/Events.php(47): CodeIgniter\Debug\Toolbar->respond()
 6 SYSTEMPATH/Events/Events.php(155): CodeIgniter\Events\Events::Config\{closure}()
 7 SYSTEMPATH/CodeIgniter.php(340): CodeIgniter\Events\Events::trigger('pre_system')
 8 SYSTEMPATH/Boot.php(325): CodeIgniter\CodeIgniter->run()
 9 SYSTEMPATH/Boot.php(67): CodeIgniter\Boot::runCodeIgniter(Object(CodeIgniter\CodeIgniter))
10 FCPATH/index.php(56): CodeIgniter\Boot::bootWeb(Object(Config\Paths))
CRITICAL - 2024-11-25 06:48:19 --> ErrorException: unlink(/var/www/html/writable/debugbar/debugbar_1731985209.445627.json): Operation not permitted
[Method: GET, Route: /]
in SYSTEMPATH/Debug/Toolbar/Collectors/History.php on line 82.
 1 [internal function]: CodeIgniter\Debug\Exceptions->errorHandler(2, 'unlink(/var/www/html/writable/debugbar/debugbar_1731985209.445627.json): Operation not permitted', '/var/www/html/system/Debug/Toolbar/Collectors/History.php', 82)
 2 SYSTEMPATH/Debug/Toolbar/Collectors/History.php(82): unlink('/var/www/html/writable/debugbar/debugbar_1731985209.445627.json')
 3 SYSTEMPATH/Debug/Toolbar.php(518): CodeIgniter\Debug\Toolbar\Collectors\History->setFiles('1732517299.630317', 20)
 4 SYSTEMPATH/Debug/Toolbar.php(497): CodeIgniter\Debug\Toolbar->format([...], 'html')
 5 APPPATH/Config/Events.php(47): CodeIgniter\Debug\Toolbar->respond()
 6 SYSTEMPATH/Events/Events.php(155): CodeIgniter\Events\Events::Config\{closure}()
 7 SYSTEMPATH/CodeIgniter.php(340): CodeIgniter\Events\Events::trigger('pre_system')
 8 SYSTEMPATH/Boot.php(325): CodeIgniter\CodeIgniter->run()
 9 SYSTEMPATH/Boot.php(67): CodeIgniter\Boot::runCodeIgniter(Object(CodeIgniter\CodeIgniter))
10 FCPATH/index.php(56): CodeIgniter\Boot::bootWeb(Object(Config\Paths))
CRITICAL - 2024-11-25 06:50:12 --> ErrorException: unlink(/var/www/html/writable/debugbar/debugbar_1731985209.445627.json): Operation not permitted
[Method: GET, Route: /]
in SYSTEMPATH/Debug/Toolbar/Collectors/History.php on line 82.
 1 [internal function]: CodeIgniter\Debug\Exceptions->errorHandler(2, 'unlink(/var/www/html/writable/debugbar/debugbar_1731985209.445627.json): Operation not permitted', '/var/www/html/system/Debug/Toolbar/Collectors/History.php', 82)
 2 SYSTEMPATH/Debug/Toolbar/Collectors/History.php(82): unlink('/var/www/html/writable/debugbar/debugbar_1731985209.445627.json')
 3 SYSTEMPATH/Debug/Toolbar.php(518): CodeIgniter\Debug\Toolbar\Collectors\History->setFiles('1732517411.711751', 20)
 4 SYSTEMPATH/Debug/Toolbar.php(497): CodeIgniter\Debug\Toolbar->format([...], 'html')
 5 APPPATH/Config/Events.php(47): CodeIgniter\Debug\Toolbar->respond()
 6 SYSTEMPATH/Events/Events.php(155): CodeIgniter\Events\Events::Config\{closure}()
 7 SYSTEMPATH/CodeIgniter.php(340): CodeIgniter\Events\Events::trigger('pre_system')
 8 SYSTEMPATH/Boot.php(325): CodeIgniter\CodeIgniter->run()
 9 SYSTEMPATH/Boot.php(67): CodeIgniter\Boot::runCodeIgniter(Object(CodeIgniter\CodeIgniter))
10 FCPATH/index.php(56): CodeIgniter\Boot::bootWeb(Object(Config\Paths))
CRITICAL - 2024-11-25 06:50:12 --> CodeIgniter\HTTP\Exceptions\BadRequestException: The URI you submitted has disallowed characters: "<"
[Method: GET, Route: produksidetail/11-24-2024/%3C]
in SYSTEMPATH/Router/Router.php on line 737.
 1 SYSTEMPATH/Router/Router.php(204): CodeIgniter\Router\Router->checkDisallowedChars('produksidetail/11-24-2024/<')
 2 SYSTEMPATH/CodeIgniter.php(834): CodeIgniter\Router\Router->handle('produksidetail/11-24-2024/<')
 3 SYSTEMPATH/CodeIgniter.php(457): CodeIgniter\CodeIgniter->tryToRouteIt(Object(CodeIgniter\Router\RouteCollection))
 4 SYSTEMPATH/CodeIgniter.php(355): CodeIgniter\CodeIgniter->handleRequest(null, Object(Config\Cache), false)
 5 SYSTEMPATH/Boot.php(325): CodeIgniter\CodeIgniter->run()
 6 SYSTEMPATH/Boot.php(67): CodeIgniter\Boot::runCodeIgniter(Object(CodeIgniter\CodeIgniter))
 7 FCPATH/index.php(56): CodeIgniter\Boot::bootWeb(Object(Config\Paths))
CRITICAL - 2024-11-25 06:50:37 --> ErrorException: unlink(/var/www/html/writable/debugbar/debugbar_1731985209.445627.json): Operation not permitted
[Method: GET, Route: /]
in SYSTEMPATH/Debug/Toolbar/Collectors/History.php on line 82.
 1 [internal function]: CodeIgniter\Debug\Exceptions->errorHandler(2, 'unlink(/var/www/html/writable/debugbar/debugbar_1731985209.445627.json): Operation not permitted', '/var/www/html/system/Debug/Toolbar/Collectors/History.php', 82)
 2 SYSTEMPATH/Debug/Toolbar/Collectors/History.php(82): unlink('/var/www/html/writable/debugbar/debugbar_1731985209.445627.json')
 3 SYSTEMPATH/Debug/Toolbar.php(518): CodeIgniter\Debug\Toolbar\Collectors\History->setFiles('1732517436.949401', 20)
 4 SYSTEMPATH/Debug/Toolbar.php(497): CodeIgniter\Debug\Toolbar->format([...], 'html')
 5 APPPATH/Config/Events.php(47): CodeIgniter\Debug\Toolbar->respond()
 6 SYSTEMPATH/Events/Events.php(155): CodeIgniter\Events\Events::Config\{closure}()
 7 SYSTEMPATH/CodeIgniter.php(340): CodeIgniter\Events\Events::trigger('pre_system')
 8 SYSTEMPATH/Boot.php(325): CodeIgniter\CodeIgniter->run()
 9 SYSTEMPATH/Boot.php(67): CodeIgniter\Boot::runCodeIgniter(Object(CodeIgniter\CodeIgniter))
10 FCPATH/index.php(56): CodeIgniter\Boot::bootWeb(Object(Config\Paths))
CRITICAL - 2024-11-25 06:50:37 --> CodeIgniter\HTTP\Exceptions\BadRequestException: The URI you submitted has disallowed characters: "<"
[Method: GET, Route: %3C]
in SYSTEMPATH/Router/Router.php on line 737.
 1 SYSTEMPATH/Router/Router.php(204): CodeIgniter\Router\Router->checkDisallowedChars('<')
 2 SYSTEMPATH/CodeIgniter.php(834): CodeIgniter\Router\Router->handle('<')
 3 SYSTEMPATH/CodeIgniter.php(457): CodeIgniter\CodeIgniter->tryToRouteIt(Object(CodeIgniter\Router\RouteCollection))
 4 SYSTEMPATH/CodeIgniter.php(355): CodeIgniter\CodeIgniter->handleRequest(null, Object(Config\Cache), false)
 5 SYSTEMPATH/Boot.php(325): CodeIgniter\CodeIgniter->run()
 6 SYSTEMPATH/Boot.php(67): CodeIgniter\Boot::runCodeIgniter(Object(CodeIgniter\CodeIgniter))
 7 FCPATH/index.php(56): CodeIgniter\Boot::bootWeb(Object(Config\Paths))
CRITICAL - 2024-11-25 06:56:50 --> ErrorException: unlink(/var/www/html/writable/debugbar/debugbar_1731985209.445627.json): Operation not permitted
[Method: GET, Route: /]
in SYSTEMPATH/Debug/Toolbar/Collectors/History.php on line 82.
 1 [internal function]: CodeIgniter\Debug\Exceptions->errorHandler(2, 'unlink(/var/www/html/writable/debugbar/debugbar_1731985209.445627.json): Operation not permitted', '/var/www/html/system/Debug/Toolbar/Collectors/History.php', 82)
 2 SYSTEMPATH/Debug/Toolbar/Collectors/History.php(82): unlink('/var/www/html/writable/debugbar/debugbar_1731985209.445627.json')
 3 SYSTEMPATH/Debug/Toolbar.php(518): CodeIgniter\Debug\Toolbar\Collectors\History->setFiles('1732517810.586996', 20)
 4 SYSTEMPATH/Debug/Toolbar.php(497): CodeIgniter\Debug\Toolbar->format([...], 'html')
 5 APPPATH/Config/Events.php(47): CodeIgniter\Debug\Toolbar->respond()
 6 SYSTEMPATH/Events/Events.php(155): CodeIgniter\Events\Events::Config\{closure}()
 7 SYSTEMPATH/CodeIgniter.php(340): CodeIgniter\Events\Events::trigger('pre_system')
 8 SYSTEMPATH/Boot.php(325): CodeIgniter\CodeIgniter->run()
 9 SYSTEMPATH/Boot.php(67): CodeIgniter\Boot::runCodeIgniter(Object(CodeIgniter\CodeIgniter))
10 FCPATH/index.php(56): CodeIgniter\Boot::bootWeb(Object(Config\Paths))
CRITICAL - 2024-11-25 06:56:54 --> ErrorException: unlink(/var/www/html/writable/debugbar/debugbar_1731985209.445627.json): Operation not permitted
[Method: GET, Route: /]
in SYSTEMPATH/Debug/Toolbar/Collectors/History.php on line 82.
 1 [internal function]: CodeIgniter\Debug\Exceptions->errorHandler(2, 'unlink(/var/www/html/writable/debugbar/debugbar_1731985209.445627.json): Operation not permitted', '/var/www/html/system/Debug/Toolbar/Collectors/History.php', 82)
 2 SYSTEMPATH/Debug/Toolbar/Collectors/History.php(82): unlink('/var/www/html/writable/debugbar/debugbar_1731985209.445627.json')
 3 SYSTEMPATH/Debug/Toolbar.php(518): CodeIgniter\Debug\Toolbar\Collectors\History->setFiles('1732517813.714094', 20)
 4 SYSTEMPATH/Debug/Toolbar.php(497): CodeIgniter\Debug\Toolbar->format([...], 'html')
 5 APPPATH/Config/Events.php(47): CodeIgniter\Debug\Toolbar->respond()
 6 SYSTEMPATH/Events/Events.php(155): CodeIgniter\Events\Events::Config\{closure}()
 7 SYSTEMPATH/CodeIgniter.php(340): CodeIgniter\Events\Events::trigger('pre_system')
 8 SYSTEMPATH/Boot.php(325): CodeIgniter\CodeIgniter->run()
 9 SYSTEMPATH/Boot.php(67): CodeIgniter\Boot::runCodeIgniter(Object(CodeIgniter\CodeIgniter))
10 FCPATH/index.php(56): CodeIgniter\Boot::bootWeb(Object(Config\Paths))
CRITICAL - 2024-11-25 06:56:54 --> CodeIgniter\HTTP\Exceptions\BadRequestException: The URI you submitted has disallowed characters: "<"
[Method: GET, Route: produksidetail/11-24-2024/%3C]
in SYSTEMPATH/Router/Router.php on line 737.
 1 SYSTEMPATH/Router/Router.php(204): CodeIgniter\Router\Router->checkDisallowedChars('produksidetail/11-24-2024/<')
 2 SYSTEMPATH/CodeIgniter.php(834): CodeIgniter\Router\Router->handle('produksidetail/11-24-2024/<')
 3 SYSTEMPATH/CodeIgniter.php(457): CodeIgniter\CodeIgniter->tryToRouteIt(Object(CodeIgniter\Router\RouteCollection))
 4 SYSTEMPATH/CodeIgniter.php(355): CodeIgniter\CodeIgniter->handleRequest(null, Object(Config\Cache), false)
 5 SYSTEMPATH/Boot.php(325): CodeIgniter\CodeIgniter->run()
 6 SYSTEMPATH/Boot.php(67): CodeIgniter\Boot::runCodeIgniter(Object(CodeIgniter\CodeIgniter))
 7 FCPATH/index.php(56): CodeIgniter\Boot::bootWeb(Object(Config\Paths))
CRITICAL - 2024-11-25 06:57:22 --> Error: Call to undefined function App\Controllers\print_f()
[Method: GET, Route: listafd]
in APPPATH/Controllers/ListAfdController.php on line 19.
 1 SYSTEMPATH/CodeIgniter.php(933): App\Controllers\ListAfdController->index()
 2 SYSTEMPATH/CodeIgniter.php(509): CodeIgniter\CodeIgniter->runController(Object(App\Controllers\ListAfdController))
 3 SYSTEMPATH/CodeIgniter.php(355): CodeIgniter\CodeIgniter->handleRequest(null, Object(Config\Cache), false)
 4 SYSTEMPATH/Boot.php(325): CodeIgniter\CodeIgniter->run()
 5 SYSTEMPATH/Boot.php(67): CodeIgniter\Boot::runCodeIgniter(Object(CodeIgniter\CodeIgniter))
 6 FCPATH/index.php(56): CodeIgniter\Boot::bootWeb(Object(Config\Paths))
CRITICAL - 2024-11-25 06:57:38 --> ErrorException: unlink(/var/www/html/writable/debugbar/debugbar_1731985209.445627.json): Operation not permitted
[Method: GET, Route: /]
in SYSTEMPATH/Debug/Toolbar/Collectors/History.php on line 82.
 1 [internal function]: CodeIgniter\Debug\Exceptions->errorHandler(2, 'unlink(/var/www/html/writable/debugbar/debugbar_1731985209.445627.json): Operation not permitted', '/var/www/html/system/Debug/Toolbar/Collectors/History.php', 82)
 2 SYSTEMPATH/Debug/Toolbar/Collectors/History.php(82): unlink('/var/www/html/writable/debugbar/debugbar_1731985209.445627.json')
 3 SYSTEMPATH/Debug/Toolbar.php(518): CodeIgniter\Debug\Toolbar\Collectors\History->setFiles('1732517858.392929', 20)
 4 SYSTEMPATH/Debug/Toolbar.php(497): CodeIgniter\Debug\Toolbar->format([...], 'html')
 5 APPPATH/Config/Events.php(47): CodeIgniter\Debug\Toolbar->respond()
 6 SYSTEMPATH/Events/Events.php(155): CodeIgniter\Events\Events::Config\{closure}()
 7 SYSTEMPATH/CodeIgniter.php(340): CodeIgniter\Events\Events::trigger('pre_system')
 8 SYSTEMPATH/Boot.php(325): CodeIgniter\CodeIgniter->run()
 9 SYSTEMPATH/Boot.php(67): CodeIgniter\Boot::runCodeIgniter(Object(CodeIgniter\CodeIgniter))
10 FCPATH/index.php(56): CodeIgniter\Boot::bootWeb(Object(Config\Paths))
CRITICAL - 2024-11-25 06:57:50 --> ErrorException: unlink(/var/www/html/writable/debugbar/debugbar_1731985209.445627.json): Operation not permitted
[Method: GET, Route: /]
in SYSTEMPATH/Debug/Toolbar/Collectors/History.php on line 82.
 1 [internal function]: CodeIgniter\Debug\Exceptions->errorHandler(2, 'unlink(/var/www/html/writable/debugbar/debugbar_1731985209.445627.json): Operation not permitted', '/var/www/html/system/Debug/Toolbar/Collectors/History.php', 82)
 2 SYSTEMPATH/Debug/Toolbar/Collectors/History.php(82): unlink('/var/www/html/writable/debugbar/debugbar_1731985209.445627.json')
 3 SYSTEMPATH/Debug/Toolbar.php(518): CodeIgniter\Debug\Toolbar\Collectors\History->setFiles('1732517869.352453', 20)
 4 SYSTEMPATH/Debug/Toolbar.php(497): CodeIgniter\Debug\Toolbar->format([...], 'html')
 5 APPPATH/Config/Events.php(47): CodeIgniter\Debug\Toolbar->respond()
 6 SYSTEMPATH/Events/Events.php(155): CodeIgniter\Events\Events::Config\{closure}()
 7 SYSTEMPATH/CodeIgniter.php(340): CodeIgniter\Events\Events::trigger('pre_system')
 8 SYSTEMPATH/Boot.php(325): CodeIgniter\CodeIgniter->run()
 9 SYSTEMPATH/Boot.php(67): CodeIgniter\Boot::runCodeIgniter(Object(CodeIgniter\CodeIgniter))
10 FCPATH/index.php(56): CodeIgniter\Boot::bootWeb(Object(Config\Paths))
CRITICAL - 2024-11-25 06:57:50 --> CodeIgniter\HTTP\Exceptions\BadRequestException: The URI you submitted has disallowed characters: "<"
[Method: GET, Route: produksidetail/11-24-2024/%3C]
in SYSTEMPATH/Router/Router.php on line 737.
 1 SYSTEMPATH/Router/Router.php(204): CodeIgniter\Router\Router->checkDisallowedChars('produksidetail/11-24-2024/<')
 2 SYSTEMPATH/CodeIgniter.php(834): CodeIgniter\Router\Router->handle('produksidetail/11-24-2024/<')
 3 SYSTEMPATH/CodeIgniter.php(457): CodeIgniter\CodeIgniter->tryToRouteIt(Object(CodeIgniter\Router\RouteCollection))
 4 SYSTEMPATH/CodeIgniter.php(355): CodeIgniter\CodeIgniter->handleRequest(null, Object(Config\Cache), false)
 5 SYSTEMPATH/Boot.php(325): CodeIgniter\CodeIgniter->run()
 6 SYSTEMPATH/Boot.php(67): CodeIgniter\Boot::runCodeIgniter(Object(CodeIgniter\CodeIgniter))
 7 FCPATH/index.php(56): CodeIgniter\Boot::bootWeb(Object(Config\Paths))
CRITICAL - 2024-11-25 07:02:14 --> ErrorException: unlink(/var/www/html/writable/debugbar/debugbar_1731985209.445627.json): Operation not permitted
[Method: GET, Route: /]
in SYSTEMPATH/Debug/Toolbar/Collectors/History.php on line 82.
 1 [internal function]: CodeIgniter\Debug\Exceptions->errorHandler(2, 'unlink(/var/www/html/writable/debugbar/debugbar_1731985209.445627.json): Operation not permitted', '/var/www/html/system/Debug/Toolbar/Collectors/History.php', 82)
 2 SYSTEMPATH/Debug/Toolbar/Collectors/History.php(82): unlink('/var/www/html/writable/debugbar/debugbar_1731985209.445627.json')
 3 SYSTEMPATH/Debug/Toolbar.php(518): CodeIgniter\Debug\Toolbar\Collectors\History->setFiles('1732518133.662237', 20)
 4 SYSTEMPATH/Debug/Toolbar.php(497): CodeIgniter\Debug\Toolbar->format([...], 'html')
 5 APPPATH/Config/Events.php(47): CodeIgniter\Debug\Toolbar->respond()
 6 SYSTEMPATH/Events/Events.php(155): CodeIgniter\Events\Events::Config\{closure}()
 7 SYSTEMPATH/CodeIgniter.php(340): CodeIgniter\Events\Events::trigger('pre_system')
 8 SYSTEMPATH/Boot.php(325): CodeIgniter\CodeIgniter->run()
 9 SYSTEMPATH/Boot.php(67): CodeIgniter\Boot::runCodeIgniter(Object(CodeIgniter\CodeIgniter))
10 FCPATH/index.php(56): CodeIgniter\Boot::bootWeb(Object(Config\Paths))
CRITICAL - 2024-11-25 07:02:14 --> CodeIgniter\HTTP\Exceptions\BadRequestException: The URI you submitted has disallowed characters: "<"
[Method: GET, Route: produksidetail/11-24-2024/%3C]
in SYSTEMPATH/Router/Router.php on line 737.
 1 SYSTEMPATH/Router/Router.php(204): CodeIgniter\Router\Router->checkDisallowedChars('produksidetail/11-24-2024/<')
 2 SYSTEMPATH/CodeIgniter.php(834): CodeIgniter\Router\Router->handle('produksidetail/11-24-2024/<')
 3 SYSTEMPATH/CodeIgniter.php(457): CodeIgniter\CodeIgniter->tryToRouteIt(Object(CodeIgniter\Router\RouteCollection))
 4 SYSTEMPATH/CodeIgniter.php(355): CodeIgniter\CodeIgniter->handleRequest(null, Object(Config\Cache), false)
 5 SYSTEMPATH/Boot.php(325): CodeIgniter\CodeIgniter->run()
 6 SYSTEMPATH/Boot.php(67): CodeIgniter\Boot::runCodeIgniter(Object(CodeIgniter\CodeIgniter))
 7 FCPATH/index.php(56): CodeIgniter\Boot::bootWeb(Object(Config\Paths))
CRITICAL - 2024-11-25 07:02:24 --> ErrorException: unlink(/var/www/html/writable/debugbar/debugbar_1731985209.445627.json): Operation not permitted
[Method: GET, Route: /]
in SYSTEMPATH/Debug/Toolbar/Collectors/History.php on line 82.
 1 [internal function]: CodeIgniter\Debug\Exceptions->errorHandler(2, 'unlink(/var/www/html/writable/debugbar/debugbar_1731985209.445627.json): Operation not permitted', '/var/www/html/system/Debug/Toolbar/Collectors/History.php', 82)
 2 SYSTEMPATH/Debug/Toolbar/Collectors/History.php(82): unlink('/var/www/html/writable/debugbar/debugbar_1731985209.445627.json')
 3 SYSTEMPATH/Debug/Toolbar.php(518): CodeIgniter\Debug\Toolbar\Collectors\History->setFiles('1732518144.063756', 20)
 4 SYSTEMPATH/Debug/Toolbar.php(497): CodeIgniter\Debug\Toolbar->format([...], 'html')
 5 APPPATH/Config/Events.php(47): CodeIgniter\Debug\Toolbar->respond()
 6 SYSTEMPATH/Events/Events.php(155): CodeIgniter\Events\Events::Config\{closure}()
 7 SYSTEMPATH/CodeIgniter.php(340): CodeIgniter\Events\Events::trigger('pre_system')
 8 SYSTEMPATH/Boot.php(325): CodeIgniter\CodeIgniter->run()
 9 SYSTEMPATH/Boot.php(67): CodeIgniter\Boot::runCodeIgniter(Object(CodeIgniter\CodeIgniter))
10 FCPATH/index.php(56): CodeIgniter\Boot::bootWeb(Object(Config\Paths))
CRITICAL - 2024-11-25 07:02:24 --> CodeIgniter\HTTP\Exceptions\BadRequestException: The URI you submitted has disallowed characters: "<"
[Method: GET, Route: %3C]
in SYSTEMPATH/Router/Router.php on line 737.
 1 SYSTEMPATH/Router/Router.php(204): CodeIgniter\Router\Router->checkDisallowedChars('<')
 2 SYSTEMPATH/CodeIgniter.php(834): CodeIgniter\Router\Router->handle('<')
 3 SYSTEMPATH/CodeIgniter.php(457): CodeIgniter\CodeIgniter->tryToRouteIt(Object(CodeIgniter\Router\RouteCollection))
 4 SYSTEMPATH/CodeIgniter.php(355): CodeIgniter\CodeIgniter->handleRequest(null, Object(Config\Cache), false)
 5 SYSTEMPATH/Boot.php(325): CodeIgniter\CodeIgniter->run()
 6 SYSTEMPATH/Boot.php(67): CodeIgniter\Boot::runCodeIgniter(Object(CodeIgniter\CodeIgniter))
 7 FCPATH/index.php(56): CodeIgniter\Boot::bootWeb(Object(Config\Paths))
CRITICAL - 2024-11-25 07:02:28 --> ErrorException: unlink(/var/www/html/writable/debugbar/debugbar_1731985209.445627.json): Operation not permitted
[Method: GET, Route: /]
in SYSTEMPATH/Debug/Toolbar/Collectors/History.php on line 82.
 1 [internal function]: CodeIgniter\Debug\Exceptions->errorHandler(2, 'unlink(/var/www/html/writable/debugbar/debugbar_1731985209.445627.json): Operation not permitted', '/var/www/html/system/Debug/Toolbar/Collectors/History.php', 82)
 2 SYSTEMPATH/Debug/Toolbar/Collectors/History.php(82): unlink('/var/www/html/writable/debugbar/debugbar_1731985209.445627.json')
 3 SYSTEMPATH/Debug/Toolbar.php(518): CodeIgniter\Debug\Toolbar\Collectors\History->setFiles('1732518148.519522', 20)
 4 SYSTEMPATH/Debug/Toolbar.php(497): CodeIgniter\Debug\Toolbar->format([...], 'html')
 5 APPPATH/Config/Events.php(47): CodeIgniter\Debug\Toolbar->respond()
 6 SYSTEMPATH/Events/Events.php(155): CodeIgniter\Events\Events::Config\{closure}()
 7 SYSTEMPATH/CodeIgniter.php(340): CodeIgniter\Events\Events::trigger('pre_system')
 8 SYSTEMPATH/Boot.php(325): CodeIgniter\CodeIgniter->run()
 9 SYSTEMPATH/Boot.php(67): CodeIgniter\Boot::runCodeIgniter(Object(CodeIgniter\CodeIgniter))
10 FCPATH/index.php(56): CodeIgniter\Boot::bootWeb(Object(Config\Paths))
CRITICAL - 2024-11-25 07:02:28 --> CodeIgniter\HTTP\Exceptions\BadRequestException: The URI you submitted has disallowed characters: "<"
[Method: GET, Route: %3C]
in SYSTEMPATH/Router/Router.php on line 737.
 1 SYSTEMPATH/Router/Router.php(204): CodeIgniter\Router\Router->checkDisallowedChars('<')
 2 SYSTEMPATH/CodeIgniter.php(834): CodeIgniter\Router\Router->handle('<')
 3 SYSTEMPATH/CodeIgniter.php(457): CodeIgniter\CodeIgniter->tryToRouteIt(Object(CodeIgniter\Router\RouteCollection))
 4 SYSTEMPATH/CodeIgniter.php(355): CodeIgniter\CodeIgniter->handleRequest(null, Object(Config\Cache), false)
 5 SYSTEMPATH/Boot.php(325): CodeIgniter\CodeIgniter->run()
 6 SYSTEMPATH/Boot.php(67): CodeIgniter\Boot::runCodeIgniter(Object(CodeIgniter\CodeIgniter))
 7 FCPATH/index.php(56): CodeIgniter\Boot::bootWeb(Object(Config\Paths))
CRITICAL - 2024-11-25 07:02:30 --> ErrorException: unlink(/var/www/html/writable/debugbar/debugbar_1731985209.445627.json): Operation not permitted
[Method: GET, Route: /]
in SYSTEMPATH/Debug/Toolbar/Collectors/History.php on line 82.
 1 [internal function]: CodeIgniter\Debug\Exceptions->errorHandler(2, 'unlink(/var/www/html/writable/debugbar/debugbar_1731985209.445627.json): Operation not permitted', '/var/www/html/system/Debug/Toolbar/Collectors/History.php', 82)
 2 SYSTEMPATH/Debug/Toolbar/Collectors/History.php(82): unlink('/var/www/html/writable/debugbar/debugbar_1731985209.445627.json')
 3 SYSTEMPATH/Debug/Toolbar.php(518): CodeIgniter\Debug\Toolbar\Collectors\History->setFiles('1732518150.737938', 20)
 4 SYSTEMPATH/Debug/Toolbar.php(497): CodeIgniter\Debug\Toolbar->format([...], 'html')
 5 APPPATH/Config/Events.php(47): CodeIgniter\Debug\Toolbar->respond()
 6 SYSTEMPATH/Events/Events.php(155): CodeIgniter\Events\Events::Config\{closure}()
 7 SYSTEMPATH/CodeIgniter.php(340): CodeIgniter\Events\Events::trigger('pre_system')
 8 SYSTEMPATH/Boot.php(325): CodeIgniter\CodeIgniter->run()
 9 SYSTEMPATH/Boot.php(67): CodeIgniter\Boot::runCodeIgniter(Object(CodeIgniter\CodeIgniter))
10 FCPATH/index.php(56): CodeIgniter\Boot::bootWeb(Object(Config\Paths))
CRITICAL - 2024-11-25 07:02:30 --> CodeIgniter\HTTP\Exceptions\BadRequestException: The URI you submitted has disallowed characters: "<"
[Method: GET, Route: produksidetail/11-24-2024/%3C]
in SYSTEMPATH/Router/Router.php on line 737.
 1 SYSTEMPATH/Router/Router.php(204): CodeIgniter\Router\Router->checkDisallowedChars('produksidetail/11-24-2024/<')
 2 SYSTEMPATH/CodeIgniter.php(834): CodeIgniter\Router\Router->handle('produksidetail/11-24-2024/<')
 3 SYSTEMPATH/CodeIgniter.php(457): CodeIgniter\CodeIgniter->tryToRouteIt(Object(CodeIgniter\Router\RouteCollection))
 4 SYSTEMPATH/CodeIgniter.php(355): CodeIgniter\CodeIgniter->handleRequest(null, Object(Config\Cache), false)
 5 SYSTEMPATH/Boot.php(325): CodeIgniter\CodeIgniter->run()
 6 SYSTEMPATH/Boot.php(67): CodeIgniter\Boot::runCodeIgniter(Object(CodeIgniter\CodeIgniter))
 7 FCPATH/index.php(56): CodeIgniter\Boot::bootWeb(Object(Config\Paths))
CRITICAL - 2024-11-25 07:08:17 --> ErrorException: unlink(/var/www/html/writable/debugbar/debugbar_1731985209.445627.json): Operation not permitted
[Method: GET, Route: /]
in SYSTEMPATH/Debug/Toolbar/Collectors/History.php on line 82.
 1 [internal function]: CodeIgniter\Debug\Exceptions->errorHandler(2, 'unlink(/var/www/html/writable/debugbar/debugbar_1731985209.445627.json): Operation not permitted', '/var/www/html/system/Debug/Toolbar/Collectors/History.php', 82)
 2 SYSTEMPATH/Debug/Toolbar/Collectors/History.php(82): unlink('/var/www/html/writable/debugbar/debugbar_1731985209.445627.json')
 3 SYSTEMPATH/Debug/Toolbar.php(518): CodeIgniter\Debug\Toolbar\Collectors\History->setFiles('1732518497.377073', 20)
 4 SYSTEMPATH/Debug/Toolbar.php(497): CodeIgniter\Debug\Toolbar->format([...], 'html')
 5 APPPATH/Config/Events.php(47): CodeIgniter\Debug\Toolbar->respond()
 6 SYSTEMPATH/Events/Events.php(155): CodeIgniter\Events\Events::Config\{closure}()
 7 SYSTEMPATH/CodeIgniter.php(340): CodeIgniter\Events\Events::trigger('pre_system')
 8 SYSTEMPATH/Boot.php(325): CodeIgniter\CodeIgniter->run()
 9 SYSTEMPATH/Boot.php(67): CodeIgniter\Boot::runCodeIgniter(Object(CodeIgniter\CodeIgniter))
10 FCPATH/index.php(56): CodeIgniter\Boot::bootWeb(Object(Config\Paths))
CRITICAL - 2024-11-25 07:08:18 --> ErrorException: unlink(/var/www/html/writable/debugbar/debugbar_1731985209.445627.json): Operation not permitted
[Method: GET, Route: /]
in SYSTEMPATH/Debug/Toolbar/Collectors/History.php on line 82.
 1 [internal function]: CodeIgniter\Debug\Exceptions->errorHandler(2, 'unlink(/var/www/html/writable/debugbar/debugbar_1731985209.445627.json): Operation not permitted', '/var/www/html/system/Debug/Toolbar/Collectors/History.php', 82)
 2 SYSTEMPATH/Debug/Toolbar/Collectors/History.php(82): unlink('/var/www/html/writable/debugbar/debugbar_1731985209.445627.json')
 3 SYSTEMPATH/Debug/Toolbar.php(518): CodeIgniter\Debug\Toolbar\Collectors\History->setFiles('1732518498.802223', 20)
 4 SYSTEMPATH/Debug/Toolbar.php(497): CodeIgniter\Debug\Toolbar->format([...], 'html')
 5 APPPATH/Config/Events.php(47): CodeIgniter\Debug\Toolbar->respond()
 6 SYSTEMPATH/Events/Events.php(155): CodeIgniter\Events\Events::Config\{closure}()
 7 SYSTEMPATH/CodeIgniter.php(340): CodeIgniter\Events\Events::trigger('pre_system')
 8 SYSTEMPATH/Boot.php(325): CodeIgniter\CodeIgniter->run()
 9 SYSTEMPATH/Boot.php(67): CodeIgniter\Boot::runCodeIgniter(Object(CodeIgniter\CodeIgniter))
10 FCPATH/index.php(56): CodeIgniter\Boot::bootWeb(Object(Config\Paths))
CRITICAL - 2024-11-25 07:08:21 --> ErrorException: unlink(/var/www/html/writable/debugbar/debugbar_1731985209.445627.json): Operation not permitted
[Method: GET, Route: /]
in SYSTEMPATH/Debug/Toolbar/Collectors/History.php on line 82.
 1 [internal function]: CodeIgniter\Debug\Exceptions->errorHandler(2, 'unlink(/var/www/html/writable/debugbar/debugbar_1731985209.445627.json): Operation not permitted', '/var/www/html/system/Debug/Toolbar/Collectors/History.php', 82)
 2 SYSTEMPATH/Debug/Toolbar/Collectors/History.php(82): unlink('/var/www/html/writable/debugbar/debugbar_1731985209.445627.json')
 3 SYSTEMPATH/Debug/Toolbar.php(518): CodeIgniter\Debug\Toolbar\Collectors\History->setFiles('1732518501.634321', 20)
 4 SYSTEMPATH/Debug/Toolbar.php(497): CodeIgniter\Debug\Toolbar->format([...], 'html')
 5 APPPATH/Config/Events.php(47): CodeIgniter\Debug\Toolbar->respond()
 6 SYSTEMPATH/Events/Events.php(155): CodeIgniter\Events\Events::Config\{closure}()
 7 SYSTEMPATH/CodeIgniter.php(340): CodeIgniter\Events\Events::trigger('pre_system')
 8 SYSTEMPATH/Boot.php(325): CodeIgniter\CodeIgniter->run()
 9 SYSTEMPATH/Boot.php(67): CodeIgniter\Boot::runCodeIgniter(Object(CodeIgniter\CodeIgniter))
10 FCPATH/index.php(56): CodeIgniter\Boot::bootWeb(Object(Config\Paths))
CRITICAL - 2024-11-25 07:09:59 --> ErrorException: unlink(/var/www/html/writable/debugbar/debugbar_1731985209.445627.json): Operation not permitted
[Method: GET, Route: /]
in SYSTEMPATH/Debug/Toolbar/Collectors/History.php on line 82.
 1 [internal function]: CodeIgniter\Debug\Exceptions->errorHandler(2, 'unlink(/var/www/html/writable/debugbar/debugbar_1731985209.445627.json): Operation not permitted', '/var/www/html/system/Debug/Toolbar/Collectors/History.php', 82)
 2 SYSTEMPATH/Debug/Toolbar/Collectors/History.php(82): unlink('/var/www/html/writable/debugbar/debugbar_1731985209.445627.json')
 3 SYSTEMPATH/Debug/Toolbar.php(518): CodeIgniter\Debug\Toolbar\Collectors\History->setFiles('1732518599.768140', 20)
 4 SYSTEMPATH/Debug/Toolbar.php(497): CodeIgniter\Debug\Toolbar->format([...], 'html')
 5 APPPATH/Config/Events.php(47): CodeIgniter\Debug\Toolbar->respond()
 6 SYSTEMPATH/Events/Events.php(155): CodeIgniter\Events\Events::Config\{closure}()
 7 SYSTEMPATH/CodeIgniter.php(340): CodeIgniter\Events\Events::trigger('pre_system')
 8 SYSTEMPATH/Boot.php(325): CodeIgniter\CodeIgniter->run()
 9 SYSTEMPATH/Boot.php(67): CodeIgniter\Boot::runCodeIgniter(Object(CodeIgniter\CodeIgniter))
10 FCPATH/index.php(56): CodeIgniter\Boot::bootWeb(Object(Config\Paths))
CRITICAL - 2024-11-25 07:10:09 --> ErrorException: unlink(/var/www/html/writable/debugbar/debugbar_1731985209.445627.json): Operation not permitted
[Method: GET, Route: /]
in SYSTEMPATH/Debug/Toolbar/Collectors/History.php on line 82.
 1 [internal function]: CodeIgniter\Debug\Exceptions->errorHandler(2, 'unlink(/var/www/html/writable/debugbar/debugbar_1731985209.445627.json): Operation not permitted', '/var/www/html/system/Debug/Toolbar/Collectors/History.php', 82)
 2 SYSTEMPATH/Debug/Toolbar/Collectors/History.php(82): unlink('/var/www/html/writable/debugbar/debugbar_1731985209.445627.json')
 3 SYSTEMPATH/Debug/Toolbar.php(518): CodeIgniter\Debug\Toolbar\Collectors\History->setFiles('1732518609.711896', 20)
 4 SYSTEMPATH/Debug/Toolbar.php(497): CodeIgniter\Debug\Toolbar->format([...], 'html')
 5 APPPATH/Config/Events.php(47): CodeIgniter\Debug\Toolbar->respond()
 6 SYSTEMPATH/Events/Events.php(155): CodeIgniter\Events\Events::Config\{closure}()
 7 SYSTEMPATH/CodeIgniter.php(340): CodeIgniter\Events\Events::trigger('pre_system')
 8 SYSTEMPATH/Boot.php(325): CodeIgniter\CodeIgniter->run()
 9 SYSTEMPATH/Boot.php(67): CodeIgniter\Boot::runCodeIgniter(Object(CodeIgniter\CodeIgniter))
10 FCPATH/index.php(56): CodeIgniter\Boot::bootWeb(Object(Config\Paths))
CRITICAL - 2024-11-25 07:10:15 --> ErrorException: unlink(/var/www/html/writable/debugbar/debugbar_1731985209.445627.json): Operation not permitted
[Method: GET, Route: /]
in SYSTEMPATH/Debug/Toolbar/Collectors/History.php on line 82.
 1 [internal function]: CodeIgniter\Debug\Exceptions->errorHandler(2, 'unlink(/var/www/html/writable/debugbar/debugbar_1731985209.445627.json): Operation not permitted', '/var/www/html/system/Debug/Toolbar/Collectors/History.php', 82)
 2 SYSTEMPATH/Debug/Toolbar/Collectors/History.php(82): unlink('/var/www/html/writable/debugbar/debugbar_1731985209.445627.json')
 3 SYSTEMPATH/Debug/Toolbar.php(518): CodeIgniter\Debug\Toolbar\Collectors\History->setFiles('1732518615.613652', 20)
 4 SYSTEMPATH/Debug/Toolbar.php(497): CodeIgniter\Debug\Toolbar->format([...], 'html')
 5 APPPATH/Config/Events.php(47): CodeIgniter\Debug\Toolbar->respond()
 6 SYSTEMPATH/Events/Events.php(155): CodeIgniter\Events\Events::Config\{closure}()
 7 SYSTEMPATH/CodeIgniter.php(340): CodeIgniter\Events\Events::trigger('pre_system')
 8 SYSTEMPATH/Boot.php(325): CodeIgniter\CodeIgniter->run()
 9 SYSTEMPATH/Boot.php(67): CodeIgniter\Boot::runCodeIgniter(Object(CodeIgniter\CodeIgniter))
10 FCPATH/index.php(56): CodeIgniter\Boot::bootWeb(Object(Config\Paths))
CRITICAL - 2024-11-25 07:10:34 --> ErrorException: unlink(/var/www/html/writable/debugbar/debugbar_1731985209.445627.json): Operation not permitted
[Method: GET, Route: /]
in SYSTEMPATH/Debug/Toolbar/Collectors/History.php on line 82.
 1 [internal function]: CodeIgniter\Debug\Exceptions->errorHandler(2, 'unlink(/var/www/html/writable/debugbar/debugbar_1731985209.445627.json): Operation not permitted', '/var/www/html/system/Debug/Toolbar/Collectors/History.php', 82)
 2 SYSTEMPATH/Debug/Toolbar/Collectors/History.php(82): unlink('/var/www/html/writable/debugbar/debugbar_1731985209.445627.json')
 3 SYSTEMPATH/Debug/Toolbar.php(518): CodeIgniter\Debug\Toolbar\Collectors\History->setFiles('1732518634.051614', 20)
 4 SYSTEMPATH/Debug/Toolbar.php(497): CodeIgniter\Debug\Toolbar->format([...], 'html')
 5 APPPATH/Config/Events.php(47): CodeIgniter\Debug\Toolbar->respond()
 6 SYSTEMPATH/Events/Events.php(155): CodeIgniter\Events\Events::Config\{closure}()
 7 SYSTEMPATH/CodeIgniter.php(340): CodeIgniter\Events\Events::trigger('pre_system')
 8 SYSTEMPATH/Boot.php(325): CodeIgniter\CodeIgniter->run()
 9 SYSTEMPATH/Boot.php(67): CodeIgniter\Boot::runCodeIgniter(Object(CodeIgniter\CodeIgniter))
10 FCPATH/index.php(56): CodeIgniter\Boot::bootWeb(Object(Config\Paths))
ERROR - 2024-11-25 08:27:37 --> ErrorException: oci_execute(): ORA-00918: column ambiguously defined in /var/www/html/system/Database/OCI8/Connection.php:219
Stack trace:
#0 [internal function]: CodeIgniter\Debug\Exceptions->errorHandler(2, 'oci_execute(): ...', '/var/www/html/s...', 219)
#1 /var/www/html/system/Database/OCI8/Connection.php(219): oci_execute(Resource id #12, 32)
#2 /var/www/html/system/Database/BaseConnection.php(734): CodeIgniter\Database\OCI8\Connection->execute('SELECT A.TPHCOD...')
#3 /var/www/html/system/Database/BaseConnection.php(648): CodeIgniter\Database\BaseConnection->simpleQuery('SELECT A.TPHCOD...')
#4 /var/www/html/app/Models/ProduksiDetailModel.php(64): CodeIgniter\Database\BaseConnection->query('SELECT A.TPHCOD...')
#5 /var/www/html/app/Controllers/ProduksiDetailAfd.php(28): App\Models\ProduksiDetailModel->getDetailAfdelings('', false)
#6 /var/www/html/app/Controllers/ProduksiDetailAfd.php(17): App\Controllers\ProduksiDetailAfd->getDetailAfd('', false)
#7 /var/www/html/system/CodeIgniter.php(933): App\Controllers\ProduksiDetailAfd->index()
#8 /var/www/html/system/CodeIgniter.php(509): CodeIgniter\CodeIgniter->runController(Object(App\Controllers\ProduksiDetailAfd))
#9 /var/www/html/system/CodeIgniter.php(355): CodeIgniter\CodeIgniter->handleRequest(NULL, Object(Config\Cache), false)
#10 /var/www/html/system/Boot.php(325): CodeIgniter\CodeIgniter->run()
#11 /var/www/html/system/Boot.php(67): CodeIgniter\Boot::runCodeIgniter(Object(CodeIgniter\CodeIgniter))
#12 /var/www/html/public/index.php(56): CodeIgniter\Boot::bootWeb(Object(Config\Paths))
#13 {main}
CRITICAL - 2024-11-25 08:27:37 --> CodeIgniter\Database\Exceptions\DatabaseException: oci_execute(): ORA-00918: column ambiguously defined
[Method: GET, Route: produksidetailafd]
in SYSTEMPATH/Database/BaseConnection.php on line 688.
 1 APPPATH/Models/ProduksiDetailModel.php(64): CodeIgniter\Database\BaseConnection->query('SELECT A.TPHCODE TPHCODE, A.TDATE, A.FIELDCODE, SUM(TOTAL_JANJANG_PANEN) TOTAL_JANJANG, SUM(BUAH_MASAK) BUAH_MASAK, SUM(BUAH_MENTAH) BUAH_MENTAH, SUM(BUAH_LEWAT_MASAK) BUAH_LEWAT_MASAK, SUM(BUAH_BUSUK) BUAH_BUSUK, SUM(TANDAN_KOSONG) TANDAN_KOSONG, SUM(TANGKAI_PANJANG) TANGKAI_PANJANG, SUM(KOTORAN) KOTORAN, SUM(ABNORMAL) ABNORMAL, SUM(BRONDOLAN) BRONDOLAN, EMPCODE, EMPNAME, EMPCODE_LF, EMPNAME_LF, (INPUTBY ||\' - \' ||  GET_EMPNAME(INPUTBY)) INPUTBY, STANGKUT, KARTU_PANEN, FOTO, FOTO_TPH, INPUTDATE, TDATE, SUBSTR(INPUTDATE,10,10) INPUTTIME FROM MASTERHASILEDIT A, FIELDCROP B WHERE B.FIELDCODE = A.FIELDCODE  AND B.DIVISIONCODE = \'\' AND TO_DATE (A.TDATE, \'ddmmyyyy\') = TO_DATE(\'\', \'MM/DD/YYYY\')  GROUP BY A.FIELDCODE, A.TDATE ')
 2 APPPATH/Controllers/ProduksiDetailAfd.php(28): App\Models\ProduksiDetailModel->getDetailAfdelings('', false)
 3 APPPATH/Controllers/ProduksiDetailAfd.php(17): App\Controllers\ProduksiDetailAfd->getDetailAfd('', false)
 4 SYSTEMPATH/CodeIgniter.php(933): App\Controllers\ProduksiDetailAfd->index()
 5 SYSTEMPATH/CodeIgniter.php(509): CodeIgniter\CodeIgniter->runController(Object(App\Controllers\ProduksiDetailAfd))
 6 SYSTEMPATH/CodeIgniter.php(355): CodeIgniter\CodeIgniter->handleRequest(null, Object(Config\Cache), false)
 7 SYSTEMPATH/Boot.php(325): CodeIgniter\CodeIgniter->run()
 8 SYSTEMPATH/Boot.php(67): CodeIgniter\Boot::runCodeIgniter(Object(CodeIgniter\CodeIgniter))
 9 FCPATH/index.php(56): CodeIgniter\Boot::bootWeb(Object(Config\Paths))
CRITICAL - 2024-11-25 08:27:37 --> [Caused by] CodeIgniter\Database\Exceptions\DatabaseException: oci_execute(): ORA-00918: column ambiguously defined
in SYSTEMPATH/Database/OCI8/Connection.php on line 231.
 1 SYSTEMPATH/Database/BaseConnection.php(734): CodeIgniter\Database\OCI8\Connection->execute('SELECT A.TPHCODE TPHCODE, A.TDATE, A.FIELDCODE, SUM(TOTAL_JANJANG_PANEN) TOTAL_JANJANG, SUM(BUAH_MASAK) BUAH_MASAK, SUM(BUAH_MENTAH) BUAH_MENTAH, SUM(BUAH_LEWAT_MASAK) BUAH_LEWAT_MASAK, SUM(BUAH_BUSUK) BUAH_BUSUK, SUM(TANDAN_KOSONG) TANDAN_KOSONG, SUM(TANGKAI_PANJANG) TANGKAI_PANJANG, SUM(KOTORAN) KOTORAN, SUM(ABNORMAL) ABNORMAL, SUM(BRONDOLAN) BRONDOLAN, EMPCODE, EMPNAME, EMPCODE_LF, EMPNAME_LF, (INPUTBY ||\' - \' ||  GET_EMPNAME(INPUTBY)) INPUTBY, STANGKUT, KARTU_PANEN, FOTO, FOTO_TPH, INPUTDATE, TDATE, SUBSTR(INPUTDATE,10,10) INPUTTIME FROM MASTERHASILEDIT A, FIELDCROP B WHERE B.FIELDCODE = A.FIELDCODE  AND B.DIVISIONCODE = \'\' AND TO_DATE (A.TDATE, \'ddmmyyyy\') = TO_DATE(\'\', \'MM/DD/YYYY\')  GROUP BY A.FIELDCODE, A.TDATE ')
 2 SYSTEMPATH/Database/BaseConnection.php(648): CodeIgniter\Database\BaseConnection->simpleQuery('SELECT A.TPHCODE TPHCODE, A.TDATE, A.FIELDCODE, SUM(TOTAL_JANJANG_PANEN) TOTAL_JANJANG, SUM(BUAH_MASAK) BUAH_MASAK, SUM(BUAH_MENTAH) BUAH_MENTAH, SUM(BUAH_LEWAT_MASAK) BUAH_LEWAT_MASAK, SUM(BUAH_BUSUK) BUAH_BUSUK, SUM(TANDAN_KOSONG) TANDAN_KOSONG, SUM(TANGKAI_PANJANG) TANGKAI_PANJANG, SUM(KOTORAN) KOTORAN, SUM(ABNORMAL) ABNORMAL, SUM(BRONDOLAN) BRONDOLAN, EMPCODE, EMPNAME, EMPCODE_LF, EMPNAME_LF, (INPUTBY ||\' - \' ||  GET_EMPNAME(INPUTBY)) INPUTBY, STANGKUT, KARTU_PANEN, FOTO, FOTO_TPH, INPUTDATE, TDATE, SUBSTR(INPUTDATE,10,10) INPUTTIME FROM MASTERHASILEDIT A, FIELDCROP B WHERE B.FIELDCODE = A.FIELDCODE  AND B.DIVISIONCODE = \'\' AND TO_DATE (A.TDATE, \'ddmmyyyy\') = TO_DATE(\'\', \'MM/DD/YYYY\')  GROUP BY A.FIELDCODE, A.TDATE ')
 3 APPPATH/Models/ProduksiDetailModel.php(64): CodeIgniter\Database\BaseConnection->query('SELECT A.TPHCODE TPHCODE, A.TDATE, A.FIELDCODE, SUM(TOTAL_JANJANG_PANEN) TOTAL_JANJANG, SUM(BUAH_MASAK) BUAH_MASAK, SUM(BUAH_MENTAH) BUAH_MENTAH, SUM(BUAH_LEWAT_MASAK) BUAH_LEWAT_MASAK, SUM(BUAH_BUSUK) BUAH_BUSUK, SUM(TANDAN_KOSONG) TANDAN_KOSONG, SUM(TANGKAI_PANJANG) TANGKAI_PANJANG, SUM(KOTORAN) KOTORAN, SUM(ABNORMAL) ABNORMAL, SUM(BRONDOLAN) BRONDOLAN, EMPCODE, EMPNAME, EMPCODE_LF, EMPNAME_LF, (INPUTBY ||\' - \' ||  GET_EMPNAME(INPUTBY)) INPUTBY, STANGKUT, KARTU_PANEN, FOTO, FOTO_TPH, INPUTDATE, TDATE, SUBSTR(INPUTDATE,10,10) INPUTTIME FROM MASTERHASILEDIT A, FIELDCROP B WHERE B.FIELDCODE = A.FIELDCODE  AND B.DIVISIONCODE = \'\' AND TO_DATE (A.TDATE, \'ddmmyyyy\') = TO_DATE(\'\', \'MM/DD/YYYY\')  GROUP BY A.FIELDCODE, A.TDATE ')
 4 APPPATH/Controllers/ProduksiDetailAfd.php(28): App\Models\ProduksiDetailModel->getDetailAfdelings('', false)
 5 APPPATH/Controllers/ProduksiDetailAfd.php(17): App\Controllers\ProduksiDetailAfd->getDetailAfd('', false)
 6 SYSTEMPATH/CodeIgniter.php(933): App\Controllers\ProduksiDetailAfd->index()
 7 SYSTEMPATH/CodeIgniter.php(509): CodeIgniter\CodeIgniter->runController(Object(App\Controllers\ProduksiDetailAfd))
 8 SYSTEMPATH/CodeIgniter.php(355): CodeIgniter\CodeIgniter->handleRequest(null, Object(Config\Cache), false)
 9 SYSTEMPATH/Boot.php(325): CodeIgniter\CodeIgniter->run()
10 SYSTEMPATH/Boot.php(67): CodeIgniter\Boot::runCodeIgniter(Object(CodeIgniter\CodeIgniter))
11 FCPATH/index.php(56): CodeIgniter\Boot::bootWeb(Object(Config\Paths))
CRITICAL - 2024-11-25 08:27:37 --> [Caused by] ErrorException: oci_execute(): ORA-00918: column ambiguously defined
in SYSTEMPATH/Database/OCI8/Connection.php on line 219.
 1 [internal function]: CodeIgniter\Debug\Exceptions->errorHandler(2, 'oci_execute(): ORA-00918: column ambiguously defined', '/var/www/html/system/Database/OCI8/Connection.php', 219)
 2 SYSTEMPATH/Database/OCI8/Connection.php(219): oci_execute(resource (oci8 statement), 32)
 3 SYSTEMPATH/Database/BaseConnection.php(734): CodeIgniter\Database\OCI8\Connection->execute('SELECT A.TPHCODE TPHCODE, A.TDATE, A.FIELDCODE, SUM(TOTAL_JANJANG_PANEN) TOTAL_JANJANG, SUM(BUAH_MASAK) BUAH_MASAK, SUM(BUAH_MENTAH) BUAH_MENTAH, SUM(BUAH_LEWAT_MASAK) BUAH_LEWAT_MASAK, SUM(BUAH_BUSUK) BUAH_BUSUK, SUM(TANDAN_KOSONG) TANDAN_KOSONG, SUM(TANGKAI_PANJANG) TANGKAI_PANJANG, SUM(KOTORAN) KOTORAN, SUM(ABNORMAL) ABNORMAL, SUM(BRONDOLAN) BRONDOLAN, EMPCODE, EMPNAME, EMPCODE_LF, EMPNAME_LF, (INPUTBY ||\' - \' ||  GET_EMPNAME(INPUTBY)) INPUTBY, STANGKUT, KARTU_PANEN, FOTO, FOTO_TPH, INPUTDATE, TDATE, SUBSTR(INPUTDATE,10,10) INPUTTIME FROM MASTERHASILEDIT A, FIELDCROP B WHERE B.FIELDCODE = A.FIELDCODE  AND B.DIVISIONCODE = \'\' AND TO_DATE (A.TDATE, \'ddmmyyyy\') = TO_DATE(\'\', \'MM/DD/YYYY\')  GROUP BY A.FIELDCODE, A.TDATE ')
 4 SYSTEMPATH/Database/BaseConnection.php(648): CodeIgniter\Database\BaseConnection->simpleQuery('SELECT A.TPHCODE TPHCODE, A.TDATE, A.FIELDCODE, SUM(TOTAL_JANJANG_PANEN) TOTAL_JANJANG, SUM(BUAH_MASAK) BUAH_MASAK, SUM(BUAH_MENTAH) BUAH_MENTAH, SUM(BUAH_LEWAT_MASAK) BUAH_LEWAT_MASAK, SUM(BUAH_BUSUK) BUAH_BUSUK, SUM(TANDAN_KOSONG) TANDAN_KOSONG, SUM(TANGKAI_PANJANG) TANGKAI_PANJANG, SUM(KOTORAN) KOTORAN, SUM(ABNORMAL) ABNORMAL, SUM(BRONDOLAN) BRONDOLAN, EMPCODE, EMPNAME, EMPCODE_LF, EMPNAME_LF, (INPUTBY ||\' - \' ||  GET_EMPNAME(INPUTBY)) INPUTBY, STANGKUT, KARTU_PANEN, FOTO, FOTO_TPH, INPUTDATE, TDATE, SUBSTR(INPUTDATE,10,10) INPUTTIME FROM MASTERHASILEDIT A, FIELDCROP B WHERE B.FIELDCODE = A.FIELDCODE  AND B.DIVISIONCODE = \'\' AND TO_DATE (A.TDATE, \'ddmmyyyy\') = TO_DATE(\'\', \'MM/DD/YYYY\')  GROUP BY A.FIELDCODE, A.TDATE ')
 5 APPPATH/Models/ProduksiDetailModel.php(64): CodeIgniter\Database\BaseConnection->query('SELECT A.TPHCODE TPHCODE, A.TDATE, A.FIELDCODE, SUM(TOTAL_JANJANG_PANEN) TOTAL_JANJANG, SUM(BUAH_MASAK) BUAH_MASAK, SUM(BUAH_MENTAH) BUAH_MENTAH, SUM(BUAH_LEWAT_MASAK) BUAH_LEWAT_MASAK, SUM(BUAH_BUSUK) BUAH_BUSUK, SUM(TANDAN_KOSONG) TANDAN_KOSONG, SUM(TANGKAI_PANJANG) TANGKAI_PANJANG, SUM(KOTORAN) KOTORAN, SUM(ABNORMAL) ABNORMAL, SUM(BRONDOLAN) BRONDOLAN, EMPCODE, EMPNAME, EMPCODE_LF, EMPNAME_LF, (INPUTBY ||\' - \' ||  GET_EMPNAME(INPUTBY)) INPUTBY, STANGKUT, KARTU_PANEN, FOTO, FOTO_TPH, INPUTDATE, TDATE, SUBSTR(INPUTDATE,10,10) INPUTTIME FROM MASTERHASILEDIT A, FIELDCROP B WHERE B.FIELDCODE = A.FIELDCODE  AND B.DIVISIONCODE = \'\' AND TO_DATE (A.TDATE, \'ddmmyyyy\') = TO_DATE(\'\', \'MM/DD/YYYY\')  GROUP BY A.FIELDCODE, A.TDATE ')
 6 APPPATH/Controllers/ProduksiDetailAfd.php(28): App\Models\ProduksiDetailModel->getDetailAfdelings('', false)
 7 APPPATH/Controllers/ProduksiDetailAfd.php(17): App\Controllers\ProduksiDetailAfd->getDetailAfd('', false)
 8 SYSTEMPATH/CodeIgniter.php(933): App\Controllers\ProduksiDetailAfd->index()
 9 SYSTEMPATH/CodeIgniter.php(509): CodeIgniter\CodeIgniter->runController(Object(App\Controllers\ProduksiDetailAfd))
10 SYSTEMPATH/CodeIgniter.php(355): CodeIgniter\CodeIgniter->handleRequest(null, Object(Config\Cache), false)
11 SYSTEMPATH/Boot.php(325): CodeIgniter\CodeIgniter->run()
12 SYSTEMPATH/Boot.php(67): CodeIgniter\Boot::runCodeIgniter(Object(CodeIgniter\CodeIgniter))
13 FCPATH/index.php(56): CodeIgniter\Boot::bootWeb(Object(Config\Paths))
