CRITICAL - 2024-11-15 01:52:35 --> Error: Call to undefined function usfirst()
[Method: GET, Route: produksi]
in APPPATH/Config/Routes.php on line 11.
 1 SYSTEMPATH/Router/RouteCollection.php(340): require()
 2 SYSTEMPATH/CodeIgniter.php(823): CodeIgniter\Router\RouteCollection->loadRoutes()
 3 SYSTEMPATH/CodeIgniter.php(457): CodeIgniter\CodeIgniter->tryToRouteIt(null)
 4 SYSTEMPATH/CodeIgniter.php(355): CodeIgniter\CodeIgniter->handleRequest(null, Object(Config\Cache), false)
 5 SYSTEMPATH/Boot.php(325): CodeIgniter\CodeIgniter->run()
 6 SYSTEMPATH/Boot.php(67): CodeIgniter\Boot::runCodeIgniter(Object(CodeIgniter\CodeIgniter))
 7 FCPATH/index.php(56): CodeIgniter\Boot::bootWeb(Object(Config\Paths))
CRITICAL - 2024-11-15 01:53:20 --> Error: Call to undefined function usfirst()
[Method: GET, Route: produksi]
in APPPATH/Config/Routes.php on line 11.
 1 SYSTEMPATH/Router/RouteCollection.php(340): require()
 2 SYSTEMPATH/CodeIgniter.php(823): CodeIgniter\Router\RouteCollection->loadRoutes()
 3 SYSTEMPATH/CodeIgniter.php(457): CodeIgniter\CodeIgniter->tryToRouteIt(null)
 4 SYSTEMPATH/CodeIgniter.php(355): CodeIgniter\CodeIgniter->handleRequest(null, Object(Config\Cache), false)
 5 SYSTEMPATH/Boot.php(325): CodeIgniter\CodeIgniter->run()
 6 SYSTEMPATH/Boot.php(67): CodeIgniter\Boot::runCodeIgniter(Object(CodeIgniter\CodeIgniter))
 7 FCPATH/index.php(56): CodeIgniter\Boot::bootWeb(Object(Config\Paths))
CRITICAL - 2024-11-15 01:53:49 --> CodeIgniter\View\Exceptions\ViewException: Invalid file: "produksi.php"
[Method: GET, Route: produksi]
in SYSTEMPATH/Exceptions/FrameworkException.php on line 41.
 1 SYSTEMPATH/View/View.php(222): CodeIgniter\Exceptions\FrameworkException::forInvalidFile('produksi.php')
 2 SYSTEMPATH/Common.php(1171): CodeIgniter\View\View->render('produksi', [], true)
 3 APPPATH/Controllers/Produksi.php(14): view('produksi', [...])
 4 SYSTEMPATH/CodeIgniter.php(933): App\Controllers\Produksi->index()
 5 SYSTEMPATH/CodeIgniter.php(509): CodeIgniter\CodeIgniter->runController(Object(App\Controllers\Produksi))
 6 SYSTEMPATH/CodeIgniter.php(355): CodeIgniter\CodeIgniter->handleRequest(null, Object(Config\Cache), false)
 7 SYSTEMPATH/Boot.php(325): CodeIgniter\CodeIgniter->run()
 8 SYSTEMPATH/Boot.php(67): CodeIgniter\Boot::runCodeIgniter(Object(CodeIgniter\CodeIgniter))
 9 FCPATH/index.php(56): CodeIgniter\Boot::bootWeb(Object(Config\Paths))
CRITICAL - 2024-11-15 02:11:49 --> CodeIgniter\View\Exceptions\ViewException: Invalid file: "partial/content_haeder.php"
[Method: GET, Route: produksi]
in SYSTEMPATH/Exceptions/FrameworkException.php on line 41.
 1 SYSTEMPATH/View/View.php(222): CodeIgniter\Exceptions\FrameworkException::forInvalidFile('partial/content_haeder.php')
 2 SYSTEMPATH/Common.php(1171): CodeIgniter\View\View->render('partial/content_haeder', [], true)
 3 APPPATH/Views/dashboard.php(19): view('partial/content_haeder', [...])
 4 SYSTEMPATH/View/View.php(234): include('/var/www/html/app/Views/dashboard.php')
 5 SYSTEMPATH/View/View.php(237): CodeIgniter\View\View->CodeIgniter\View\{closure}()
 6 SYSTEMPATH/Common.php(1171): CodeIgniter\View\View->render('dashboard', [], true)
 7 APPPATH/Controllers/Produksi.php(14): view('dashboard', [...])
 8 SYSTEMPATH/CodeIgniter.php(933): App\Controllers\Produksi->index()
 9 SYSTEMPATH/CodeIgniter.php(509): CodeIgniter\CodeIgniter->runController(Object(App\Controllers\Produksi))
10 SYSTEMPATH/CodeIgniter.php(355): CodeIgniter\CodeIgniter->handleRequest(null, Object(Config\Cache), false)
11 SYSTEMPATH/Boot.php(325): CodeIgniter\CodeIgniter->run()
12 SYSTEMPATH/Boot.php(67): CodeIgniter\Boot::runCodeIgniter(Object(CodeIgniter\CodeIgniter))
13 FCPATH/index.php(56): CodeIgniter\Boot::bootWeb(Object(Config\Paths))
CRITICAL - 2024-11-15 02:12:15 --> CodeIgniter\View\Exceptions\ViewException: Invalid file: "partial/content_haeder.php"
[Method: GET, Route: produksi]
in SYSTEMPATH/Exceptions/FrameworkException.php on line 41.
 1 SYSTEMPATH/View/View.php(222): CodeIgniter\Exceptions\FrameworkException::forInvalidFile('partial/content_haeder.php')
 2 SYSTEMPATH/Common.php(1171): CodeIgniter\View\View->render('partial/content_haeder', [], true)
 3 APPPATH/Views/dashboard.php(19): view('partial/content_haeder', [...])
 4 SYSTEMPATH/View/View.php(234): include('/var/www/html/app/Views/dashboard.php')
 5 SYSTEMPATH/View/View.php(237): CodeIgniter\View\View->CodeIgniter\View\{closure}()
 6 SYSTEMPATH/Common.php(1171): CodeIgniter\View\View->render('dashboard', [], true)
 7 APPPATH/Controllers/Produksi.php(14): view('dashboard', [...])
 8 SYSTEMPATH/CodeIgniter.php(933): App\Controllers\Produksi->index()
 9 SYSTEMPATH/CodeIgniter.php(509): CodeIgniter\CodeIgniter->runController(Object(App\Controllers\Produksi))
10 SYSTEMPATH/CodeIgniter.php(355): CodeIgniter\CodeIgniter->handleRequest(null, Object(Config\Cache), false)
11 SYSTEMPATH/Boot.php(325): CodeIgniter\CodeIgniter->run()
12 SYSTEMPATH/Boot.php(67): CodeIgniter\Boot::runCodeIgniter(Object(CodeIgniter\CodeIgniter))
13 FCPATH/index.php(56): CodeIgniter\Boot::bootWeb(Object(Config\Paths))
CRITICAL - 2024-11-15 02:13:09 --> CodeIgniter\View\Exceptions\ViewException: Invalid file: "partial/content_haeder.php"
[Method: GET, Route: produksi]
in SYSTEMPATH/Exceptions/FrameworkException.php on line 41.
 1 SYSTEMPATH/View/View.php(222): CodeIgniter\Exceptions\FrameworkException::forInvalidFile('partial/content_haeder.php')
 2 SYSTEMPATH/Common.php(1171): CodeIgniter\View\View->render('partial/content_haeder', [], true)
 3 APPPATH/Views/dashboard.php(19): view('partial/content_haeder', [...])
 4 SYSTEMPATH/View/View.php(234): include('/var/www/html/app/Views/dashboard.php')
 5 SYSTEMPATH/View/View.php(237): CodeIgniter\View\View->CodeIgniter\View\{closure}()
 6 SYSTEMPATH/Common.php(1171): CodeIgniter\View\View->render('dashboard', [], true)
 7 APPPATH/Controllers/Produksi.php(14): view('dashboard', [...])
 8 SYSTEMPATH/CodeIgniter.php(933): App\Controllers\Produksi->index()
 9 SYSTEMPATH/CodeIgniter.php(509): CodeIgniter\CodeIgniter->runController(Object(App\Controllers\Produksi))
10 SYSTEMPATH/CodeIgniter.php(355): CodeIgniter\CodeIgniter->handleRequest(null, Object(Config\Cache), false)
11 SYSTEMPATH/Boot.php(325): CodeIgniter\CodeIgniter->run()
12 SYSTEMPATH/Boot.php(67): CodeIgniter\Boot::runCodeIgniter(Object(CodeIgniter\CodeIgniter))
13 FCPATH/index.php(56): CodeIgniter\Boot::bootWeb(Object(Config\Paths))
CRITICAL - 2024-11-15 02:17:29 --> CodeIgniter\View\Exceptions\ViewException: Invalid file: "dashboard/dashboard.php"
[Method: GET, Route: /]
in SYSTEMPATH/Exceptions/FrameworkException.php on line 41.
 1 SYSTEMPATH/View/View.php(222): CodeIgniter\Exceptions\FrameworkException::forInvalidFile('dashboard/dashboard.php')
 2 SYSTEMPATH/Common.php(1171): CodeIgniter\View\View->render('dashboard/dashboard', [], true)
 3 APPPATH/Controllers/Dashboard.php(14): view('dashboard/dashboard', [...])
 4 SYSTEMPATH/CodeIgniter.php(933): App\Controllers\Dashboard->index()
 5 SYSTEMPATH/CodeIgniter.php(509): CodeIgniter\CodeIgniter->runController(Object(App\Controllers\Dashboard))
 6 SYSTEMPATH/CodeIgniter.php(355): CodeIgniter\CodeIgniter->handleRequest(null, Object(Config\Cache), false)
 7 SYSTEMPATH/Boot.php(325): CodeIgniter\CodeIgniter->run()
 8 SYSTEMPATH/Boot.php(67): CodeIgniter\Boot::runCodeIgniter(Object(CodeIgniter\CodeIgniter))
 9 FCPATH/index.php(56): CodeIgniter\Boot::bootWeb(Object(Config\Paths))
CRITICAL - 2024-11-15 07:14:09 --> ErrorException: Undefined variable $icon
[Method: GET, Route: /]
in APPPATH/Views/dashboard.php on line 25.
 1 APPPATH/Views/dashboard.php(25): CodeIgniter\Debug\Exceptions->errorHandler(2, 'Undefined variable $icon', '/var/www/html/app/Views/dashboard.php', 25)
 2 SYSTEMPATH/View/View.php(234): include('/var/www/html/app/Views/dashboard.php')
 3 SYSTEMPATH/View/View.php(237): CodeIgniter\View\View->CodeIgniter\View\{closure}()
 4 SYSTEMPATH/Common.php(1171): CodeIgniter\View\View->render('dashboard', [], true)
 5 APPPATH/Controllers/Dashboard.php(14): view('dashboard', [...])
 6 SYSTEMPATH/CodeIgniter.php(933): App\Controllers\Dashboard->index()
 7 SYSTEMPATH/CodeIgniter.php(509): CodeIgniter\CodeIgniter->runController(Object(App\Controllers\Dashboard))
 8 SYSTEMPATH/CodeIgniter.php(355): CodeIgniter\CodeIgniter->handleRequest(null, Object(Config\Cache), false)
 9 SYSTEMPATH/Boot.php(325): CodeIgniter\CodeIgniter->run()
10 SYSTEMPATH/Boot.php(67): CodeIgniter\Boot::runCodeIgniter(Object(CodeIgniter\CodeIgniter))
11 FCPATH/index.php(56): CodeIgniter\Boot::bootWeb(Object(Config\Paths))
CRITICAL - 2024-11-15 07:15:11 --> ErrorException: Undefined variable $icons
[Method: GET, Route: /]
in APPPATH/Views/dashboard.php on line 25.
 1 APPPATH/Views/dashboard.php(25): CodeIgniter\Debug\Exceptions->errorHandler(2, 'Undefined variable $icons', '/var/www/html/app/Views/dashboard.php', 25)
 2 SYSTEMPATH/View/View.php(234): include('/var/www/html/app/Views/dashboard.php')
 3 SYSTEMPATH/View/View.php(237): CodeIgniter\View\View->CodeIgniter\View\{closure}()
 4 SYSTEMPATH/Common.php(1171): CodeIgniter\View\View->render('dashboard', [], true)
 5 APPPATH/Controllers/Dashboard.php(14): view('dashboard', [...])
 6 SYSTEMPATH/CodeIgniter.php(933): App\Controllers\Dashboard->index()
 7 SYSTEMPATH/CodeIgniter.php(509): CodeIgniter\CodeIgniter->runController(Object(App\Controllers\Dashboard))
 8 SYSTEMPATH/CodeIgniter.php(355): CodeIgniter\CodeIgniter->handleRequest(null, Object(Config\Cache), false)
 9 SYSTEMPATH/Boot.php(325): CodeIgniter\CodeIgniter->run()
10 SYSTEMPATH/Boot.php(67): CodeIgniter\Boot::runCodeIgniter(Object(CodeIgniter\CodeIgniter))
11 FCPATH/index.php(56): CodeIgniter\Boot::bootWeb(Object(Config\Paths))
